{"C:\\Users\\Abcom\\Desktop\\SRJ Global Tech\\hubnest_crm_fullstack\\server\\src\\app.js": {"path":"C:\\Users\\Abcom\\Desktop\\SRJ Global Tech\\hubnest_crm_fullstack\\server\\src\\app.js","statementMap":{"0":{"start":{"line":1,"column":0},"end":{"line":1,"column":32}},"1":{"start":{"line":3,"column":16},"end":{"line":3,"column":34}},"2":{"start":{"line":4,"column":13},"end":{"line":4,"column":28}},"3":{"start":{"line":5,"column":15},"end":{"line":5,"column":32}},"4":{"start":{"line":6,"column":15},"end":{"line":6,"column":32}},"5":{"start":{"line":7,"column":12},"end":{"line":7,"column":35}},"6":{"start":{"line":8,"column":15},"end":{"line":8,"column":40}},"7":{"start":{"line":9,"column":22},"end":{"line":9,"column":48}},"8":{"start":{"line":11,"column":19},"end":{"line":11,"column":56}},"9":{"start":{"line":12,"column":23},"end":{"line":12,"column":70}},"10":{"start":{"line":13,"column":29},"end":{"line":13,"column":82}},"11":{"start":{"line":14,"column":20},"end":{"line":14,"column":59}},"12":{"start":{"line":15,"column":27},"end":{"line":15,"column":81}},"13":{"start":{"line":16,"column":22},"end":{"line":16,"column":65}},"14":{"start":{"line":17,"column":17},"end":{"line":17,"column":50}},"15":{"start":{"line":18,"column":22},"end":{"line":18,"column":65}},"16":{"start":{"line":20,"column":25},"end":{"line":20,"column":75}},"17":{"start":{"line":21,"column":20},"end":{"line":21,"column":59}},"18":{"start":{"line":22,"column":27},"end":{"line":22,"column":81}},"19":{"start":{"line":23,"column":29},"end":{"line":23,"column":81}},"20":{"start":{"line":25,"column":12},"end":{"line":25,"column":21}},"21":{"start":{"line":28,"column":0},"end":{"line":28,"column":18}},"22":{"start":{"line":29,"column":0},"end":{"line":29,"column":26}},"23":{"start":{"line":32,"column":0},"end":{"line":39,"column":2}},"24":{"start":{"line":42,"column":0},"end":{"line":42,"column":40}},"25":{"start":{"line":43,"column":0},"end":{"line":43,"column":62}},"26":{"start":{"line":46,"column":0},"end":{"line":50,"column":2}},"27":{"start":{"line":48,"column":30},"end":{"line":48,"column":53}},"28":{"start":{"line":53,"column":0},"end":{"line":55,"column":3}},"29":{"start":{"line":54,"column":2},"end":{"line":54,"column":90}},"30":{"start":{"line":58,"column":0},"end":{"line":58,"column":36}},"31":{"start":{"line":59,"column":0},"end":{"line":59,"column":45}},"32":{"start":{"line":60,"column":0},"end":{"line":60,"column":57}},"33":{"start":{"line":61,"column":0},"end":{"line":61,"column":38}},"34":{"start":{"line":62,"column":0},"end":{"line":62,"column":53}},"35":{"start":{"line":63,"column":0},"end":{"line":63,"column":42}},"36":{"start":{"line":64,"column":0},"end":{"line":64,"column":32}},"37":{"start":{"line":65,"column":0},"end":{"line":65,"column":34}},"38":{"start":{"line":67,"column":0},"end":{"line":67,"column":49}},"39":{"start":{"line":68,"column":0},"end":{"line":68,"column":38}},"40":{"start":{"line":69,"column":0},"end":{"line":69,"column":47}},"41":{"start":{"line":70,"column":0},"end":{"line":70,"column":51}},"42":{"start":{"line":73,"column":0},"end":{"line":75,"column":3}},"43":{"start":{"line":74,"column":2},"end":{"line":74,"column":58}},"44":{"start":{"line":79,"column":0},"end":{"line":95,"column":3}},"45":{"start":{"line":80,"column":21},"end":{"line":80,"column":42}},"46":{"start":{"line":84,"column":18},"end":{"line":84,"column":72}},"47":{"start":{"line":86,"column":2},"end":{"line":92,"column":5}},"48":{"start":{"line":94,"column":2},"end":{"line":94,"column":38}},"49":{"start":{"line":97,"column":0},"end":{"line":97,"column":21}}},"fnMap":{"0":{"name":"(anonymous_0)","decl":{"start":{"line":48,"column":21},"end":{"line":48,"column":22}},"loc":{"start":{"line":48,"column":30},"end":{"line":48,"column":53}},"line":48},"1":{"name":"(anonymous_1)","decl":{"start":{"line":53,"column":19},"end":{"line":53,"column":20}},"loc":{"start":{"line":53,"column":34},"end":{"line":55,"column":1}},"line":53},"2":{"name":"(anonymous_2)","decl":{"start":{"line":73,"column":8},"end":{"line":73,"column":9}},"loc":{"start":{"line":73,"column":22},"end":{"line":75,"column":1}},"line":73},"3":{"name":"(anonymous_3)","decl":{"start":{"line":79,"column":8},"end":{"line":79,"column":9}},"loc":{"start":{"line":79,"column":34},"end":{"line":95,"column":1}},"line":79}},"branchMap":{"0":{"loc":{"start":{"line":80,"column":21},"end":{"line":80,"column":42}},"type":"binary-expr","locations":[{"start":{"line":80,"column":21},"end":{"line":80,"column":35}},{"start":{"line":80,"column":39},"end":{"line":80,"column":42}}],"line":80},"1":{"loc":{"start":{"line":84,"column":18},"end":{"line":84,"column":72}},"type":"cond-expr","locations":[{"start":{"line":84,"column":35},"end":{"line":84,"column":46}},{"start":{"line":84,"column":49},"end":{"line":84,"column":72}}],"line":84},"2":{"loc":{"start":{"line":89,"column":11},"end":{"line":89,"column":52}},"type":"cond-expr","locations":[{"start":{"line":89,"column":31},"end":{"line":89,"column":40}},{"start":{"line":89,"column":43},"end":{"line":89,"column":52}}],"line":89}},"s":{"0":4,"1":4,"2":4,"3":4,"4":4,"5":4,"6":4,"7":4,"8":4,"9":4,"10":4,"11":4,"12":4,"13":4,"14":4,"15":4,"16":4,"17":4,"18":4,"19":4,"20":4,"21":4,"22":4,"23":4,"24":4,"25":4,"26":4,"27":78,"28":4,"29":0,"30":4,"31":4,"32":4,"33":4,"34":4,"35":4,"36":4,"37":4,"38":4,"39":4,"40":4,"41":4,"42":4,"43":0,"44":4,"45":12,"46":12,"47":12,"48":12,"49":4},"f":{"0":78,"1":0,"2":0,"3":12},"b":{"0":[12,0],"1":[12,0],"2":[0,12]},"_coverageSchema":"1a1c01bbd47fc00a2c39e90264f33305004495a9","hash":"1a998dc9b2906cd5b09d7f1f5d4fedb2b15e4bd3"}
,"C:\\Users\\Abcom\\Desktop\\SRJ Global Tech\\hubnest_crm_fullstack\\server\\src\\config\\database.js": {"path":"C:\\Users\\Abcom\\Desktop\\SRJ Global Tech\\hubnest_crm_fullstack\\server\\src\\config\\database.js","statementMap":{"0":{"start":{"line":1,"column":17},"end":{"line":1,"column":30}},"1":{"start":{"line":2,"column":11},"end":{"line":2,"column":24}},"2":{"start":{"line":3,"column":13},"end":{"line":3,"column":28}},"3":{"start":{"line":4,"column":12},"end":{"line":4,"column":28}},"4":{"start":{"line":5,"column":15},"end":{"line":5,"column":41}},"5":{"start":{"line":7,"column":13},"end":{"line":12,"column":2}},"6":{"start":{"line":14,"column":0},"end":{"line":17,"column":3}},"7":{"start":{"line":15,"column":2},"end":{"line":15,"column":87}},"8":{"start":{"line":16,"column":2},"end":{"line":16,"column":19}},"9":{"start":{"line":20,"column":2},"end":{"line":20,"column":24}},"10":{"start":{"line":24,"column":16},"end":{"line":24,"column":26}},"11":{"start":{"line":25,"column":2},"end":{"line":32,"column":3}},"12":{"start":{"line":26,"column":16},"end":{"line":26,"column":46}},"13":{"start":{"line":27,"column":4},"end":{"line":27,"column":96}},"14":{"start":{"line":28,"column":4},"end":{"line":28,"column":15}},"15":{"start":{"line":30,"column":4},"end":{"line":30,"column":73}},"16":{"start":{"line":31,"column":4},"end":{"line":31,"column":14}},"17":{"start":{"line":36,"column":17},"end":{"line":36,"column":37}},"18":{"start":{"line":37,"column":2},"end":{"line":42,"column":3}},"19":{"start":{"line":38,"column":4},"end":{"line":38,"column":67}},"20":{"start":{"line":39,"column":4},"end":{"line":39,"column":44}},"21":{"start":{"line":41,"column":4},"end":{"line":41,"column":21}},"22":{"start":{"line":46,"column":24},"end":{"line":46,"column":64}},"23":{"start":{"line":47,"column":16},"end":{"line":47,"column":86}},"24":{"start":{"line":47,"column":60},"end":{"line":47,"column":78}},"25":{"start":{"line":49,"column":2},"end":{"line":49,"column":57}},"26":{"start":{"line":51,"column":2},"end":{"line":60,"column":3}},"27":{"start":{"line":52,"column":16},"end":{"line":52,"column":71}},"28":{"start":{"line":53,"column":4},"end":{"line":59,"column":5}},"29":{"start":{"line":54,"column":6},"end":{"line":54,"column":28}},"30":{"start":{"line":55,"column":6},"end":{"line":55,"column":38}},"31":{"start":{"line":57,"column":6},"end":{"line":57,"column":74}},"32":{"start":{"line":58,"column":6},"end":{"line":58,"column":16}},"33":{"start":{"line":62,"column":2},"end":{"line":62,"column":56}},"34":{"start":{"line":65,"column":0},"end":{"line":65,"column":72}}},"fnMap":{"0":{"name":"(anonymous_0)","decl":{"start":{"line":14,"column":17},"end":{"line":14,"column":18}},"loc":{"start":{"line":14,"column":26},"end":{"line":17,"column":1}},"line":14},"1":{"name":"getClient","decl":{"start":{"line":19,"column":15},"end":{"line":19,"column":24}},"loc":{"start":{"line":19,"column":27},"end":{"line":21,"column":1}},"line":19},"2":{"name":"query","decl":{"start":{"line":23,"column":15},"end":{"line":23,"column":20}},"loc":{"start":{"line":23,"column":35},"end":{"line":33,"column":1}},"line":23},"3":{"name":"tenantQuery","decl":{"start":{"line":35,"column":15},"end":{"line":35,"column":26}},"loc":{"start":{"line":35,"column":53},"end":{"line":43,"column":1}},"line":35},"4":{"name":"runMigrations","decl":{"start":{"line":45,"column":15},"end":{"line":45,"column":28}},"loc":{"start":{"line":45,"column":31},"end":{"line":63,"column":1}},"line":45},"5":{"name":"(anonymous_5)","decl":{"start":{"line":47,"column":53},"end":{"line":47,"column":54}},"loc":{"start":{"line":47,"column":60},"end":{"line":47,"column":78}},"line":47}},"branchMap":{},"s":{"0":4,"1":4,"2":4,"3":4,"4":4,"5":4,"6":4,"7":0,"8":0,"9":0,"10":290,"11":290,"12":290,"13":288,"14":288,"15":2,"16":2,"17":0,"18":0,"19":0,"20":0,"21":0,"22":0,"23":0,"24":0,"25":0,"26":0,"27":0,"28":0,"29":0,"30":0,"31":0,"32":0,"33":0,"34":4},"f":{"0":0,"1":0,"2":290,"3":0,"4":0,"5":0},"b":{},"_coverageSchema":"1a1c01bbd47fc00a2c39e90264f33305004495a9","hash":"f0f4850e14b0908c41d3a4b4aaf31b590dd919f3"}
,"C:\\Users\\Abcom\\Desktop\\SRJ Global Tech\\hubnest_crm_fullstack\\server\\src\\config\\env.js": {"path":"C:\\Users\\Abcom\\Desktop\\SRJ Global Tech\\hubnest_crm_fullstack\\server\\src\\config\\env.js","statementMap":{"0":{"start":{"line":1,"column":0},"end":{"line":1,"column":27}},"1":{"start":{"line":3,"column":24},"end":{"line":3,"column":89}},"2":{"start":{"line":5,"column":0},"end":{"line":9,"column":1}},"3":{"start":{"line":6,"column":2},"end":{"line":8,"column":3}},"4":{"start":{"line":7,"column":4},"end":{"line":7,"column":72}},"5":{"start":{"line":11,"column":0},"end":{"line":28,"column":2}}},"fnMap":{},"branchMap":{"0":{"loc":{"start":{"line":6,"column":2},"end":{"line":8,"column":3}},"type":"if","locations":[{"start":{"line":6,"column":2},"end":{"line":8,"column":3}},{"start":{},"end":{}}],"line":6},"1":{"loc":{"start":{"line":12,"column":17},"end":{"line":12,"column":43}},"type":"binary-expr","locations":[{"start":{"line":12,"column":17},"end":{"line":12,"column":33}},{"start":{"line":12,"column":37},"end":{"line":12,"column":43}}],"line":12},"2":{"loc":{"start":{"line":17,"column":16},"end":{"line":17,"column":51}},"type":"binary-expr","locations":[{"start":{"line":17,"column":16},"end":{"line":17,"column":42}},{"start":{"line":17,"column":46},"end":{"line":17,"column":51}}],"line":17},"3":{"loc":{"start":{"line":18,"column":23},"end":{"line":18,"column":65}},"type":"binary-expr","locations":[{"start":{"line":18,"column":23},"end":{"line":18,"column":57}},{"start":{"line":18,"column":61},"end":{"line":18,"column":65}}],"line":18},"4":{"loc":{"start":{"line":20,"column":10},"end":{"line":20,"column":51}},"type":"binary-expr","locations":[{"start":{"line":20,"column":10},"end":{"line":20,"column":31}},{"start":{"line":20,"column":35},"end":{"line":20,"column":51}}],"line":20},"5":{"loc":{"start":{"line":21,"column":19},"end":{"line":21,"column":49}},"type":"binary-expr","locations":[{"start":{"line":21,"column":19},"end":{"line":21,"column":40}},{"start":{"line":21,"column":44},"end":{"line":21,"column":49}}],"line":21},"6":{"loc":{"start":{"line":25,"column":29},"end":{"line":25,"column":68}},"type":"binary-expr","locations":[{"start":{"line":25,"column":29},"end":{"line":25,"column":59}},{"start":{"line":25,"column":63},"end":{"line":25,"column":68}}],"line":25},"7":{"loc":{"start":{"line":26,"column":15},"end":{"line":26,"column":66}},"type":"binary-expr","locations":[{"start":{"line":26,"column":15},"end":{"line":26,"column":39}},{"start":{"line":26,"column":43},"end":{"line":26,"column":66}}],"line":26},"8":{"loc":{"start":{"line":27,"column":11},"end":{"line":27,"column":48}},"type":"binary-expr","locations":[{"start":{"line":27,"column":11},"end":{"line":27,"column":31}},{"start":{"line":27,"column":35},"end":{"line":27,"column":48}}],"line":27}},"s":{"0":4,"1":4,"2":4,"3":16,"4":0,"5":4},"f":{},"b":{"0":[0,16],"1":[4,0],"2":[4,0],"3":[4,0],"4":[4,0],"5":[4,0],"6":[4,0],"7":[4,0],"8":[4,0]},"_coverageSchema":"1a1c01bbd47fc00a2c39e90264f33305004495a9","hash":"06c52c2f834bd99c1016aadbcf465ca6a09b6aef"}
,"C:\\Users\\Abcom\\Desktop\\SRJ Global Tech\\hubnest_crm_fullstack\\server\\src\\config\\redis.js": {"path":"C:\\Users\\Abcom\\Desktop\\SRJ Global Tech\\hubnest_crm_fullstack\\server\\src\\config\\redis.js","statementMap":{"0":{"start":{"line":1,"column":14},"end":{"line":1,"column":32}},"1":{"start":{"line":2,"column":12},"end":{"line":2,"column":28}},"2":{"start":{"line":3,"column":15},"end":{"line":3,"column":41}},"3":{"start":{"line":5,"column":14},"end":{"line":10,"column":2}},"4":{"start":{"line":6,"column":28},"end":{"line":6,"column":54}},"5":{"start":{"line":12,"column":0},"end":{"line":12,"column":58}},"6":{"start":{"line":12,"column":26},"end":{"line":12,"column":56}},"7":{"start":{"line":13,"column":0},"end":{"line":13,"column":52}},"8":{"start":{"line":13,"column":24},"end":{"line":13,"column":50}},"9":{"start":{"line":14,"column":0},"end":{"line":14,"column":82}},"10":{"start":{"line":14,"column":27},"end":{"line":14,"column":80}},"11":{"start":{"line":15,"column":0},"end":{"line":15,"column":69}},"12":{"start":{"line":15,"column":31},"end":{"line":15,"column":67}},"13":{"start":{"line":16,"column":0},"end":{"line":16,"column":64}},"14":{"start":{"line":16,"column":24},"end":{"line":16,"column":62}},"15":{"start":{"line":18,"column":0},"end":{"line":18,"column":23}}},"fnMap":{"0":{"name":"(anonymous_0)","decl":{"start":{"line":6,"column":17},"end":{"line":6,"column":18}},"loc":{"start":{"line":6,"column":28},"end":{"line":6,"column":54}},"line":6},"1":{"name":"(anonymous_1)","decl":{"start":{"line":12,"column":20},"end":{"line":12,"column":21}},"loc":{"start":{"line":12,"column":26},"end":{"line":12,"column":56}},"line":12},"2":{"name":"(anonymous_2)","decl":{"start":{"line":13,"column":18},"end":{"line":13,"column":19}},"loc":{"start":{"line":13,"column":24},"end":{"line":13,"column":50}},"line":13},"3":{"name":"(anonymous_3)","decl":{"start":{"line":14,"column":18},"end":{"line":14,"column":19}},"loc":{"start":{"line":14,"column":27},"end":{"line":14,"column":80}},"line":14},"4":{"name":"(anonymous_4)","decl":{"start":{"line":15,"column":25},"end":{"line":15,"column":26}},"loc":{"start":{"line":15,"column":31},"end":{"line":15,"column":67}},"line":15},"5":{"name":"(anonymous_5)","decl":{"start":{"line":16,"column":18},"end":{"line":16,"column":19}},"loc":{"start":{"line":16,"column":24},"end":{"line":16,"column":62}},"line":16}},"branchMap":{},"s":{"0":4,"1":4,"2":4,"3":4,"4":0,"5":4,"6":4,"7":4,"8":4,"9":4,"10":0,"11":4,"12":0,"13":4,"14":0,"15":4},"f":{"0":0,"1":4,"2":4,"3":0,"4":0,"5":0},"b":{},"_coverageSchema":"1a1c01bbd47fc00a2c39e90264f33305004495a9","hash":"e9db79e2004b87e18ea88964b146f65c1e828165"}
,"C:\\Users\\Abcom\\Desktop\\SRJ Global Tech\\hubnest_crm_fullstack\\server\\src\\middleware\\auth.js": {"path":"C:\\Users\\Abcom\\Desktop\\SRJ Global Tech\\hubnest_crm_fullstack\\server\\src\\middleware\\auth.js","statementMap":{"0":{"start":{"line":1,"column":30},"end":{"line":1,"column":65}},"1":{"start":{"line":2,"column":21},"end":{"line":2,"column":51}},"2":{"start":{"line":3,"column":22},"end":{"line":3,"column":49}},"3":{"start":{"line":4,"column":15},"end":{"line":4,"column":41}},"4":{"start":{"line":7,"column":21},"end":{"line":7,"column":46}},"5":{"start":{"line":9,"column":2},"end":{"line":11,"column":3}},"6":{"start":{"line":10,"column":4},"end":{"line":10,"column":63}},"7":{"start":{"line":13,"column":16},"end":{"line":13,"column":35}},"8":{"start":{"line":15,"column":2},"end":{"line":38,"column":3}},"9":{"start":{"line":16,"column":20},"end":{"line":16,"column":44}},"10":{"start":{"line":17,"column":17},"end":{"line":17,"column":47}},"11":{"start":{"line":19,"column":4},"end":{"line":21,"column":5}},"12":{"start":{"line":20,"column":6},"end":{"line":20,"column":51}},"13":{"start":{"line":23,"column":4},"end":{"line":25,"column":5}},"14":{"start":{"line":24,"column":6},"end":{"line":24,"column":69}},"15":{"start":{"line":27,"column":4},"end":{"line":27,"column":20}},"16":{"start":{"line":28,"column":4},"end":{"line":28,"column":11}},"17":{"start":{"line":30,"column":4},"end":{"line":32,"column":5}},"18":{"start":{"line":31,"column":6},"end":{"line":31,"column":57}},"19":{"start":{"line":33,"column":4},"end":{"line":35,"column":5}},"20":{"start":{"line":34,"column":6},"end":{"line":34,"column":57}},"21":{"start":{"line":36,"column":4},"end":{"line":36,"column":78}},"22":{"start":{"line":37,"column":4},"end":{"line":37,"column":56}},"23":{"start":{"line":41,"column":0},"end":{"line":41,"column":34}}},"fnMap":{"0":{"name":"authenticate","decl":{"start":{"line":6,"column":15},"end":{"line":6,"column":27}},"loc":{"start":{"line":6,"column":44},"end":{"line":39,"column":1}},"line":6}},"branchMap":{"0":{"loc":{"start":{"line":9,"column":2},"end":{"line":11,"column":3}},"type":"if","locations":[{"start":{"line":9,"column":2},"end":{"line":11,"column":3}},{"start":{},"end":{}}],"line":9},"1":{"loc":{"start":{"line":9,"column":6},"end":{"line":9,"column":54}},"type":"binary-expr","locations":[{"start":{"line":9,"column":6},"end":{"line":9,"column":17}},{"start":{"line":9,"column":21},"end":{"line":9,"column":54}}],"line":9},"2":{"loc":{"start":{"line":19,"column":4},"end":{"line":21,"column":5}},"type":"if","locations":[{"start":{"line":19,"column":4},"end":{"line":21,"column":5}},{"start":{},"end":{}}],"line":19},"3":{"loc":{"start":{"line":23,"column":4},"end":{"line":25,"column":5}},"type":"if","locations":[{"start":{"line":23,"column":4},"end":{"line":25,"column":5}},{"start":{},"end":{}}],"line":23},"4":{"loc":{"start":{"line":30,"column":4},"end":{"line":32,"column":5}},"type":"if","locations":[{"start":{"line":30,"column":4},"end":{"line":32,"column":5}},{"start":{},"end":{}}],"line":30},"5":{"loc":{"start":{"line":33,"column":4},"end":{"line":35,"column":5}},"type":"if","locations":[{"start":{"line":33,"column":4},"end":{"line":35,"column":5}},{"start":{},"end":{}}],"line":33}},"s":{"0":4,"1":4,"2":4,"3":4,"4":49,"5":49,"6":1,"7":48,"8":48,"9":48,"10":48,"11":48,"12":0,"13":48,"14":0,"15":48,"16":48,"17":0,"18":0,"19":0,"20":0,"21":0,"22":0,"23":4},"f":{"0":49},"b":{"0":[1,48],"1":[49,48],"2":[0,48],"3":[0,48],"4":[0,0],"5":[0,0]},"_coverageSchema":"1a1c01bbd47fc00a2c39e90264f33305004495a9","hash":"4a652d680db859d5e3d0b8d158a147e212c36cd7"}
,"C:\\Users\\Abcom\\Desktop\\SRJ Global Tech\\hubnest_crm_fullstack\\server\\src\\middleware\\rateLimiter.js": {"path":"C:\\Users\\Abcom\\Desktop\\SRJ Global Tech\\hubnest_crm_fullstack\\server\\src\\middleware\\rateLimiter.js","statementMap":{"0":{"start":{"line":1,"column":29},"end":{"line":1,"column":61}},"1":{"start":{"line":2,"column":14},"end":{"line":2,"column":40}},"2":{"start":{"line":3,"column":22},"end":{"line":3,"column":49}},"3":{"start":{"line":5,"column":21},"end":{"line":11,"column":2}},"4":{"start":{"line":13,"column":19},"end":{"line":19,"column":2}},"5":{"start":{"line":22,"column":2},"end":{"line":34,"column":4}},"6":{"start":{"line":23,"column":4},"end":{"line":25,"column":5}},"7":{"start":{"line":24,"column":6},"end":{"line":24,"column":20}},"8":{"start":{"line":26,"column":4},"end":{"line":33,"column":5}},"9":{"start":{"line":27,"column":6},"end":{"line":27,"column":36}},"10":{"start":{"line":28,"column":6},"end":{"line":28,"column":13}},"11":{"start":{"line":30,"column":25},"end":{"line":30,"column":69}},"12":{"start":{"line":31,"column":6},"end":{"line":31,"column":49}},"13":{"start":{"line":32,"column":6},"end":{"line":32,"column":42}},"14":{"start":{"line":37,"column":25},"end":{"line":40,"column":1}},"15":{"start":{"line":42,"column":23},"end":{"line":45,"column":1}},"16":{"start":{"line":47,"column":26},"end":{"line":53,"column":2}},"17":{"start":{"line":55,"column":30},"end":{"line":58,"column":1}},"18":{"start":{"line":60,"column":0},"end":{"line":60,"column":77}}},"fnMap":{"0":{"name":"makeRateLimitMiddleware","decl":{"start":{"line":21,"column":9},"end":{"line":21,"column":32}},"loc":{"start":{"line":21,"column":51},"end":{"line":35,"column":1}},"line":21},"1":{"name":"(anonymous_1)","decl":{"start":{"line":22,"column":9},"end":{"line":22,"column":10}},"loc":{"start":{"line":22,"column":35},"end":{"line":34,"column":3}},"line":22}},"branchMap":{"0":{"loc":{"start":{"line":23,"column":4},"end":{"line":25,"column":5}},"type":"if","locations":[{"start":{"line":23,"column":4},"end":{"line":25,"column":5}},{"start":{},"end":{}}],"line":23},"1":{"loc":{"start":{"line":30,"column":36},"end":{"line":30,"column":60}},"type":"binary-expr","locations":[{"start":{"line":30,"column":36},"end":{"line":30,"column":52}},{"start":{"line":30,"column":56},"end":{"line":30,"column":60}}],"line":30}},"s":{"0":4,"1":4,"2":4,"3":4,"4":4,"5":12,"6":25,"7":25,"8":0,"9":0,"10":0,"11":0,"12":0,"13":0,"14":4,"15":4,"16":4,"17":4,"18":4},"f":{"0":12,"1":25},"b":{"0":[25,0],"1":[0,0]},"_coverageSchema":"1a1c01bbd47fc00a2c39e90264f33305004495a9","hash":"725251fa7c0131650c81c355bffb128ee7ffe44c"}
,"C:\\Users\\Abcom\\Desktop\\SRJ Global Tech\\hubnest_crm_fullstack\\server\\src\\middleware\\rbac.js": {"path":"C:\\Users\\Abcom\\Desktop\\SRJ Global Tech\\hubnest_crm_fullstack\\server\\src\\middleware\\rbac.js","statementMap":{"0":{"start":{"line":1,"column":22},"end":{"line":1,"column":49}},"1":{"start":{"line":9,"column":2},"end":{"line":42,"column":4}},"2":{"start":{"line":10,"column":4},"end":{"line":12,"column":5}},"3":{"start":{"line":11,"column":6},"end":{"line":11,"column":49}},"4":{"start":{"line":15,"column":4},"end":{"line":17,"column":5}},"5":{"start":{"line":16,"column":6},"end":{"line":16,"column":20}},"6":{"start":{"line":20,"column":4},"end":{"line":23,"column":5}},"7":{"start":{"line":21,"column":24},"end":{"line":21,"column":84}},"8":{"start":{"line":22,"column":6},"end":{"line":22,"column":52}},"9":{"start":{"line":22,"column":38},"end":{"line":22,"column":52}},"10":{"start":{"line":26,"column":4},"end":{"line":30,"column":5}},"11":{"start":{"line":27,"column":6},"end":{"line":29,"column":7}},"12":{"start":{"line":28,"column":8},"end":{"line":28,"column":22}},"13":{"start":{"line":32,"column":18},"end":{"line":32,"column":38}},"14":{"start":{"line":33,"column":4},"end":{"line":39,"column":5}},"15":{"start":{"line":34,"column":6},"end":{"line":38,"column":8}},"16":{"start":{"line":41,"column":4},"end":{"line":41,"column":11}},"17":{"start":{"line":49,"column":2},"end":{"line":49,"column":60}},"18":{"start":{"line":49,"column":17},"end":{"line":49,"column":60}},"19":{"start":{"line":50,"column":18},"end":{"line":50,"column":59}},"20":{"start":{"line":51,"column":2},"end":{"line":53,"column":3}},"21":{"start":{"line":52,"column":4},"end":{"line":52,"column":78}},"22":{"start":{"line":54,"column":2},"end":{"line":54,"column":9}},"23":{"start":{"line":61,"column":2},"end":{"line":61,"column":60}},"24":{"start":{"line":61,"column":17},"end":{"line":61,"column":60}},"25":{"start":{"line":62,"column":18},"end":{"line":62,"column":78}},"26":{"start":{"line":63,"column":2},"end":{"line":65,"column":3}},"27":{"start":{"line":64,"column":4},"end":{"line":64,"column":72}},"28":{"start":{"line":66,"column":2},"end":{"line":66,"column":9}},"29":{"start":{"line":73,"column":2},"end":{"line":73,"column":60}},"30":{"start":{"line":73,"column":17},"end":{"line":73,"column":60}},"31":{"start":{"line":74,"column":2},"end":{"line":76,"column":3}},"32":{"start":{"line":75,"column":4},"end":{"line":75,"column":76}},"33":{"start":{"line":77,"column":2},"end":{"line":77,"column":9}},"34":{"start":{"line":80,"column":0},"end":{"line":80,"column":93}}},"fnMap":{"0":{"name":"authorize","decl":{"start":{"line":8,"column":9},"end":{"line":8,"column":18}},"loc":{"start":{"line":8,"column":35},"end":{"line":43,"column":1}},"line":8},"1":{"name":"(anonymous_1)","decl":{"start":{"line":9,"column":9},"end":{"line":9,"column":10}},"loc":{"start":{"line":9,"column":29},"end":{"line":42,"column":3}},"line":9},"2":{"name":"authorizeSalesManager","decl":{"start":{"line":48,"column":9},"end":{"line":48,"column":30}},"loc":{"start":{"line":48,"column":47},"end":{"line":55,"column":1}},"line":48},"3":{"name":"authorizeSupport","decl":{"start":{"line":60,"column":9},"end":{"line":60,"column":25}},"loc":{"start":{"line":60,"column":42},"end":{"line":67,"column":1}},"line":60},"4":{"name":"authorizeSuperAdmin","decl":{"start":{"line":72,"column":9},"end":{"line":72,"column":28}},"loc":{"start":{"line":72,"column":45},"end":{"line":78,"column":1}},"line":72}},"branchMap":{"0":{"loc":{"start":{"line":10,"column":4},"end":{"line":12,"column":5}},"type":"if","locations":[{"start":{"line":10,"column":4},"end":{"line":12,"column":5}},{"start":{},"end":{}}],"line":10},"1":{"loc":{"start":{"line":15,"column":4},"end":{"line":17,"column":5}},"type":"if","locations":[{"start":{"line":15,"column":4},"end":{"line":17,"column":5}},{"start":{},"end":{}}],"line":15},"2":{"loc":{"start":{"line":20,"column":4},"end":{"line":23,"column":5}},"type":"if","locations":[{"start":{"line":20,"column":4},"end":{"line":23,"column":5}},{"start":{},"end":{}}],"line":20},"3":{"loc":{"start":{"line":22,"column":6},"end":{"line":22,"column":52}},"type":"if","locations":[{"start":{"line":22,"column":6},"end":{"line":22,"column":52}},{"start":{},"end":{}}],"line":22},"4":{"loc":{"start":{"line":26,"column":4},"end":{"line":30,"column":5}},"type":"if","locations":[{"start":{"line":26,"column":4},"end":{"line":30,"column":5}},{"start":{},"end":{}}],"line":26},"5":{"loc":{"start":{"line":27,"column":6},"end":{"line":29,"column":7}},"type":"if","locations":[{"start":{"line":27,"column":6},"end":{"line":29,"column":7}},{"start":{},"end":{}}],"line":27},"6":{"loc":{"start":{"line":27,"column":10},"end":{"line":27,"column":118}},"type":"binary-expr","locations":[{"start":{"line":27,"column":10},"end":{"line":27,"column":59}},{"start":{"line":27,"column":63},"end":{"line":27,"column":118}}],"line":27},"7":{"loc":{"start":{"line":33,"column":4},"end":{"line":39,"column":5}},"type":"if","locations":[{"start":{"line":33,"column":4},"end":{"line":39,"column":5}},{"start":{},"end":{}}],"line":33},"8":{"loc":{"start":{"line":33,"column":8},"end":{"line":33,"column":58}},"type":"binary-expr","locations":[{"start":{"line":33,"column":8},"end":{"line":33,"column":14}},{"start":{"line":33,"column":18},"end":{"line":33,"column":32}},{"start":{"line":33,"column":36},"end":{"line":33,"column":58}}],"line":33},"9":{"loc":{"start":{"line":49,"column":2},"end":{"line":49,"column":60}},"type":"if","locations":[{"start":{"line":49,"column":2},"end":{"line":49,"column":60}},{"start":{},"end":{}}],"line":49},"10":{"loc":{"start":{"line":51,"column":2},"end":{"line":53,"column":3}},"type":"if","locations":[{"start":{"line":51,"column":2},"end":{"line":53,"column":3}},{"start":{},"end":{}}],"line":51},"11":{"loc":{"start":{"line":61,"column":2},"end":{"line":61,"column":60}},"type":"if","locations":[{"start":{"line":61,"column":2},"end":{"line":61,"column":60}},{"start":{},"end":{}}],"line":61},"12":{"loc":{"start":{"line":63,"column":2},"end":{"line":65,"column":3}},"type":"if","locations":[{"start":{"line":63,"column":2},"end":{"line":65,"column":3}},{"start":{},"end":{}}],"line":63},"13":{"loc":{"start":{"line":73,"column":2},"end":{"line":73,"column":60}},"type":"if","locations":[{"start":{"line":73,"column":2},"end":{"line":73,"column":60}},{"start":{},"end":{}}],"line":73},"14":{"loc":{"start":{"line":74,"column":2},"end":{"line":76,"column":3}},"type":"if","locations":[{"start":{"line":74,"column":2},"end":{"line":76,"column":3}},{"start":{},"end":{}}],"line":74}},"s":{"0":4,"1":116,"2":14,"3":0,"4":14,"5":0,"6":14,"7":0,"8":0,"9":0,"10":14,"11":7,"12":6,"13":8,"14":8,"15":1,"16":7,"17":0,"18":0,"19":0,"20":0,"21":0,"22":0,"23":0,"24":0,"25":0,"26":0,"27":0,"28":0,"29":11,"30":0,"31":11,"32":2,"33":9,"34":4},"f":{"0":116,"1":14,"2":0,"3":0,"4":11},"b":{"0":[0,14],"1":[0,14],"2":[0,14],"3":[0,0],"4":[7,7],"5":[6,1],"6":[7,6],"7":[1,7],"8":[8,8,7],"9":[0,0],"10":[0,0],"11":[0,0],"12":[0,0],"13":[0,11],"14":[2,9]},"_coverageSchema":"1a1c01bbd47fc00a2c39e90264f33305004495a9","hash":"131a0da13ad1cf4f1b818756c498421cb5d11acc"}
,"C:\\Users\\Abcom\\Desktop\\SRJ Global Tech\\hubnest_crm_fullstack\\server\\src\\middleware\\scopeGuard.js": {"path":"C:\\Users\\Abcom\\Desktop\\SRJ Global Tech\\hubnest_crm_fullstack\\server\\src\\middleware\\scopeGuard.js","statementMap":{"0":{"start":{"line":1,"column":22},"end":{"line":1,"column":49}},"1":{"start":{"line":10,"column":2},"end":{"line":12,"column":3}},"2":{"start":{"line":11,"column":4},"end":{"line":11,"column":47}},"3":{"start":{"line":15,"column":2},"end":{"line":19,"column":3}},"4":{"start":{"line":16,"column":4},"end":{"line":16,"column":33}},"5":{"start":{"line":18,"column":4},"end":{"line":18,"column":26}},"6":{"start":{"line":21,"column":2},"end":{"line":21,"column":9}},"7":{"start":{"line":24,"column":0},"end":{"line":24,"column":32}}},"fnMap":{"0":{"name":"scopeGuard","decl":{"start":{"line":9,"column":9},"end":{"line":9,"column":19}},"loc":{"start":{"line":9,"column":36},"end":{"line":22,"column":1}},"line":9}},"branchMap":{"0":{"loc":{"start":{"line":10,"column":2},"end":{"line":12,"column":3}},"type":"if","locations":[{"start":{"line":10,"column":2},"end":{"line":12,"column":3}},{"start":{},"end":{}}],"line":10},"1":{"loc":{"start":{"line":15,"column":2},"end":{"line":19,"column":3}},"type":"if","locations":[{"start":{"line":15,"column":2},"end":{"line":19,"column":3}},{"start":{"line":17,"column":9},"end":{"line":19,"column":3}}],"line":15}},"s":{"0":4,"1":7,"2":0,"3":7,"4":7,"5":0,"6":7,"7":4},"f":{"0":7},"b":{"0":[0,7],"1":[7,0]},"_coverageSchema":"1a1c01bbd47fc00a2c39e90264f33305004495a9","hash":"82c1bb7dd6cae0ea4be9b29e94cd943ef25e83b8"}
,"C:\\Users\\Abcom\\Desktop\\SRJ Global Tech\\hubnest_crm_fullstack\\server\\src\\models\\userModel.js": {"path":"C:\\Users\\Abcom\\Desktop\\SRJ Global Tech\\hubnest_crm_fullstack\\server\\src\\models\\userModel.js","statementMap":{"0":{"start":{"line":1,"column":18},"end":{"line":1,"column":47}},"1":{"start":{"line":4,"column":17},"end":{"line":15,"column":3}},"2":{"start":{"line":16,"column":2},"end":{"line":16,"column":32}},"3":{"start":{"line":20,"column":17},"end":{"line":30,"column":3}},"4":{"start":{"line":31,"column":2},"end":{"line":31,"column":32}},"5":{"start":{"line":35,"column":17},"end":{"line":45,"column":3}},"6":{"start":{"line":46,"column":2},"end":{"line":46,"column":32}},"7":{"start":{"line":50,"column":2},"end":{"line":53,"column":4}},"8":{"start":{"line":57,"column":2},"end":{"line":60,"column":4}},"9":{"start":{"line":64,"column":17},"end":{"line":67,"column":3}},"10":{"start":{"line":68,"column":2},"end":{"line":68,"column":32}},"11":{"start":{"line":71,"column":0},"end":{"line":71,"column":113}}},"fnMap":{"0":{"name":"findByEmailOrAdminId","decl":{"start":{"line":3,"column":15},"end":{"line":3,"column":35}},"loc":{"start":{"line":3,"column":52},"end":{"line":17,"column":1}},"line":3},"1":{"name":"findById","decl":{"start":{"line":19,"column":15},"end":{"line":19,"column":23}},"loc":{"start":{"line":19,"column":28},"end":{"line":32,"column":1}},"line":19},"2":{"name":"findByEmail","decl":{"start":{"line":34,"column":15},"end":{"line":34,"column":26}},"loc":{"start":{"line":34,"column":34},"end":{"line":47,"column":1}},"line":34},"3":{"name":"updatePassword","decl":{"start":{"line":49,"column":15},"end":{"line":49,"column":29}},"loc":{"start":{"line":49,"column":52},"end":{"line":54,"column":1}},"line":49},"4":{"name":"updateStatus","decl":{"start":{"line":56,"column":15},"end":{"line":56,"column":27}},"loc":{"start":{"line":56,"column":44},"end":{"line":61,"column":1}},"line":56},"5":{"name":"checkEmailExists","decl":{"start":{"line":63,"column":15},"end":{"line":63,"column":31}},"loc":{"start":{"line":63,"column":39},"end":{"line":69,"column":1}},"line":63}},"branchMap":{"0":{"loc":{"start":{"line":16,"column":9},"end":{"line":16,"column":31}},"type":"binary-expr","locations":[{"start":{"line":16,"column":9},"end":{"line":16,"column":23}},{"start":{"line":16,"column":27},"end":{"line":16,"column":31}}],"line":16},"1":{"loc":{"start":{"line":31,"column":9},"end":{"line":31,"column":31}},"type":"binary-expr","locations":[{"start":{"line":31,"column":9},"end":{"line":31,"column":23}},{"start":{"line":31,"column":27},"end":{"line":31,"column":31}}],"line":31},"2":{"loc":{"start":{"line":46,"column":9},"end":{"line":46,"column":31}},"type":"binary-expr","locations":[{"start":{"line":46,"column":9},"end":{"line":46,"column":23}},{"start":{"line":46,"column":27},"end":{"line":46,"column":31}}],"line":46}},"s":{"0":4,"1":10,"2":10,"3":53,"4":53,"5":0,"6":0,"7":0,"8":0,"9":9,"10":9,"11":4},"f":{"0":10,"1":53,"2":0,"3":0,"4":0,"5":9},"b":{"0":[10,0],"1":[53,0],"2":[0,0]},"_coverageSchema":"1a1c01bbd47fc00a2c39e90264f33305004495a9","hash":"56a960508c26f26b7e4a97bfaf41956e8099637f"}
,"C:\\Users\\Abcom\\Desktop\\SRJ Global Tech\\hubnest_crm_fullstack\\server\\src\\modules\\admin\\admin.routes.js": {"path":"C:\\Users\\Abcom\\Desktop\\SRJ Global Tech\\hubnest_crm_fullstack\\server\\src\\modules\\admin\\admin.routes.js","statementMap":{"0":{"start":{"line":1,"column":16},"end":{"line":1,"column":34}},"1":{"start":{"line":2,"column":15},"end":{"line":2,"column":31}},"2":{"start":{"line":3,"column":17},"end":{"line":3,"column":51}},"3":{"start":{"line":4,"column":25},"end":{"line":4,"column":57}},"4":{"start":{"line":5,"column":18},"end":{"line":5,"column":50}},"5":{"start":{"line":6,"column":35},"end":{"line":6,"column":65}},"6":{"start":{"line":9,"column":0},"end":{"line":9,"column":25}},"7":{"start":{"line":10,"column":0},"end":{"line":15,"column":3}},"8":{"start":{"line":11,"column":2},"end":{"line":13,"column":3}},"9":{"start":{"line":12,"column":4},"end":{"line":12,"column":70}},"10":{"start":{"line":14,"column":2},"end":{"line":14,"column":9}},"11":{"start":{"line":18,"column":0},"end":{"line":41,"column":3}},"12":{"start":{"line":19,"column":2},"end":{"line":40,"column":3}},"13":{"start":{"line":20,"column":21},"end":{"line":20,"column":39}},"14":{"start":{"line":21,"column":23},"end":{"line":21,"column":97}},"15":{"start":{"line":24,"column":21},"end":{"line":24,"column":22}},"16":{"start":{"line":25,"column":4},"end":{"line":30,"column":5}},"17":{"start":{"line":26,"column":31},"end":{"line":26,"column":105}},"18":{"start":{"line":27,"column":6},"end":{"line":27,"column":64}},"19":{"start":{"line":29,"column":6},"end":{"line":29,"column":21}},"20":{"start":{"line":32,"column":4},"end":{"line":37,"column":39}},"21":{"start":{"line":39,"column":4},"end":{"line":39,"column":44}},"22":{"start":{"line":44,"column":0},"end":{"line":44,"column":40}},"23":{"start":{"line":47,"column":0},"end":{"line":47,"column":43}},"24":{"start":{"line":50,"column":0},"end":{"line":63,"column":3}},"25":{"start":{"line":51,"column":17},"end":{"line":51,"column":27}},"26":{"start":{"line":52,"column":19},"end":{"line":52,"column":37}},"27":{"start":{"line":53,"column":2},"end":{"line":62,"column":3}},"28":{"start":{"line":54,"column":18},"end":{"line":54,"column":108}},"29":{"start":{"line":55,"column":4},"end":{"line":57,"column":5}},"30":{"start":{"line":56,"column":6},"end":{"line":56,"column":68}},"31":{"start":{"line":58,"column":4},"end":{"line":58,"column":77}},"32":{"start":{"line":59,"column":4},"end":{"line":59,"column":91}},"33":{"start":{"line":61,"column":4},"end":{"line":61,"column":44}},"34":{"start":{"line":66,"column":0},"end":{"line":68,"column":3}},"35":{"start":{"line":67,"column":2},"end":{"line":67,"column":73}},"36":{"start":{"line":71,"column":0},"end":{"line":73,"column":3}},"37":{"start":{"line":72,"column":2},"end":{"line":72,"column":93}},"38":{"start":{"line":75,"column":0},"end":{"line":75,"column":24}}},"fnMap":{"0":{"name":"(anonymous_0)","decl":{"start":{"line":10,"column":11},"end":{"line":10,"column":12}},"loc":{"start":{"line":10,"column":31},"end":{"line":15,"column":1}},"line":10},"1":{"name":"(anonymous_1)","decl":{"start":{"line":18,"column":25},"end":{"line":18,"column":26}},"loc":{"start":{"line":18,"column":45},"end":{"line":41,"column":1}},"line":18},"2":{"name":"(anonymous_2)","decl":{"start":{"line":50,"column":33},"end":{"line":50,"column":34}},"loc":{"start":{"line":50,"column":53},"end":{"line":63,"column":1}},"line":50},"3":{"name":"(anonymous_3)","decl":{"start":{"line":66,"column":23},"end":{"line":66,"column":24}},"loc":{"start":{"line":66,"column":43},"end":{"line":68,"column":1}},"line":66},"4":{"name":"(anonymous_4)","decl":{"start":{"line":71,"column":27},"end":{"line":71,"column":28}},"loc":{"start":{"line":71,"column":47},"end":{"line":73,"column":1}},"line":71}},"branchMap":{"0":{"loc":{"start":{"line":11,"column":2},"end":{"line":13,"column":3}},"type":"if","locations":[{"start":{"line":11,"column":2},"end":{"line":13,"column":3}},{"start":{},"end":{}}],"line":11},"1":{"loc":{"start":{"line":55,"column":4},"end":{"line":57,"column":5}},"type":"if","locations":[{"start":{"line":55,"column":4},"end":{"line":57,"column":5}},{"start":{},"end":{}}],"line":55}},"s":{"0":4,"1":4,"2":4,"3":4,"4":4,"5":4,"6":4,"7":4,"8":10,"9":2,"10":8,"11":4,"12":1,"13":1,"14":1,"15":1,"16":1,"17":1,"18":0,"19":1,"20":1,"21":0,"22":4,"23":4,"24":4,"25":1,"26":1,"27":1,"28":1,"29":1,"30":0,"31":1,"32":1,"33":0,"34":4,"35":1,"36":4,"37":1,"38":4},"f":{"0":10,"1":1,"2":1,"3":1,"4":1},"b":{"0":[2,8],"1":[0,1]},"_coverageSchema":"1a1c01bbd47fc00a2c39e90264f33305004495a9","hash":"08e34ddab54611025f862b570b066e7e7c5174ac"}
,"C:\\Users\\Abcom\\Desktop\\SRJ Global Tech\\hubnest_crm_fullstack\\server\\src\\modules\\ai\\ai.routes.js": {"path":"C:\\Users\\Abcom\\Desktop\\SRJ Global Tech\\hubnest_crm_fullstack\\server\\src\\modules\\ai\\ai.routes.js","statementMap":{"0":{"start":{"line":1,"column":16},"end":{"line":1,"column":34}},"1":{"start":{"line":2,"column":15},"end":{"line":2,"column":31}},"2":{"start":{"line":3,"column":25},"end":{"line":3,"column":57}},"3":{"start":{"line":4,"column":38},"end":{"line":4,"column":73}},"4":{"start":{"line":5,"column":35},"end":{"line":5,"column":65}},"5":{"start":{"line":7,"column":0},"end":{"line":23,"column":3}},"6":{"start":{"line":8,"column":2},"end":{"line":22,"column":3}},"7":{"start":{"line":9,"column":25},"end":{"line":9,"column":33}},"8":{"start":{"line":10,"column":21},"end":{"line":10,"column":72}},"9":{"start":{"line":12,"column":4},"end":{"line":14,"column":5}},"10":{"start":{"line":13,"column":6},"end":{"line":13,"column":63}},"11":{"start":{"line":16,"column":19},"end":{"line":16,"column":56}},"12":{"start":{"line":17,"column":4},"end":{"line":17,"column":63}},"13":{"start":{"line":19,"column":19},"end":{"line":19,"column":48}},"14":{"start":{"line":20,"column":20},"end":{"line":20,"column":114}},"15":{"start":{"line":21,"column":4},"end":{"line":21,"column":43}},"16":{"start":{"line":25,"column":0},"end":{"line":34,"column":3}},"17":{"start":{"line":26,"column":2},"end":{"line":33,"column":3}},"18":{"start":{"line":27,"column":19},"end":{"line":27,"column":39}},"19":{"start":{"line":28,"column":4},"end":{"line":28,"column":69}},"20":{"start":{"line":30,"column":19},"end":{"line":30,"column":48}},"21":{"start":{"line":31,"column":20},"end":{"line":31,"column":114}},"22":{"start":{"line":32,"column":4},"end":{"line":32,"column":43}},"23":{"start":{"line":36,"column":0},"end":{"line":36,"column":24}}},"fnMap":{"0":{"name":"(anonymous_0)","decl":{"start":{"line":7,"column":35},"end":{"line":7,"column":36}},"loc":{"start":{"line":7,"column":55},"end":{"line":23,"column":1}},"line":7},"1":{"name":"(anonymous_1)","decl":{"start":{"line":25,"column":41},"end":{"line":25,"column":42}},"loc":{"start":{"line":25,"column":61},"end":{"line":34,"column":1}},"line":25}},"branchMap":{"0":{"loc":{"start":{"line":10,"column":21},"end":{"line":10,"column":72}},"type":"binary-expr","locations":[{"start":{"line":10,"column":21},"end":{"line":10,"column":39}},{"start":{"line":10,"column":43},"end":{"line":10,"column":61}},{"start":{"line":10,"column":65},"end":{"line":10,"column":72}}],"line":10},"1":{"loc":{"start":{"line":12,"column":4},"end":{"line":14,"column":5}},"type":"if","locations":[{"start":{"line":12,"column":4},"end":{"line":14,"column":5}},{"start":{},"end":{}}],"line":12},"2":{"loc":{"start":{"line":12,"column":8},"end":{"line":12,"column":45}},"type":"binary-expr","locations":[{"start":{"line":12,"column":8},"end":{"line":12,"column":17}},{"start":{"line":12,"column":21},"end":{"line":12,"column":45}}],"line":12},"3":{"loc":{"start":{"line":19,"column":19},"end":{"line":19,"column":48}},"type":"binary-expr","locations":[{"start":{"line":19,"column":19},"end":{"line":19,"column":41}},{"start":{"line":19,"column":45},"end":{"line":19,"column":48}}],"line":19},"4":{"loc":{"start":{"line":20,"column":20},"end":{"line":20,"column":114}},"type":"binary-expr","locations":[{"start":{"line":20,"column":20},"end":{"line":20,"column":48}},{"start":{"line":20,"column":52},"end":{"line":20,"column":65}},{"start":{"line":20,"column":69},"end":{"line":20,"column":114}}],"line":20},"5":{"loc":{"start":{"line":30,"column":19},"end":{"line":30,"column":48}},"type":"binary-expr","locations":[{"start":{"line":30,"column":19},"end":{"line":30,"column":41}},{"start":{"line":30,"column":45},"end":{"line":30,"column":48}}],"line":30},"6":{"loc":{"start":{"line":31,"column":20},"end":{"line":31,"column":114}},"type":"binary-expr","locations":[{"start":{"line":31,"column":20},"end":{"line":31,"column":48}},{"start":{"line":31,"column":52},"end":{"line":31,"column":65}},{"start":{"line":31,"column":69},"end":{"line":31,"column":114}}],"line":31}},"s":{"0":4,"1":4,"2":4,"3":4,"4":4,"5":4,"6":1,"7":1,"8":1,"9":1,"10":0,"11":1,"12":1,"13":0,"14":0,"15":0,"16":4,"17":0,"18":0,"19":0,"20":0,"21":0,"22":0,"23":4},"f":{"0":1,"1":0},"b":{"0":[1,0,0],"1":[0,1],"2":[1,1],"3":[0,0],"4":[0,0,0],"5":[0,0],"6":[0,0,0]},"_coverageSchema":"1a1c01bbd47fc00a2c39e90264f33305004495a9","hash":"2de68a6811a2ba8d30dc71a4529e7792a5c34820"}
,"C:\\Users\\Abcom\\Desktop\\SRJ Global Tech\\hubnest_crm_fullstack\\server\\src\\modules\\auth\\auth.controller.js": {"path":"C:\\Users\\Abcom\\Desktop\\SRJ Global Tech\\hubnest_crm_fullstack\\server\\src\\modules\\auth\\auth.controller.js","statementMap":{"0":{"start":{"line":1,"column":29},"end":{"line":1,"column":57}},"1":{"start":{"line":2,"column":15},"end":{"line":2,"column":34}},"2":{"start":{"line":3,"column":20},"end":{"line":3,"column":45}},"3":{"start":{"line":4,"column":21},"end":{"line":4,"column":59}},"4":{"start":{"line":5,"column":35},"end":{"line":5,"column":65}},"5":{"start":{"line":6,"column":18},"end":{"line":6,"column":50}},"6":{"start":{"line":7,"column":15},"end":{"line":7,"column":44}},"7":{"start":{"line":8,"column":29},"end":{"line":8,"column":62}},"8":{"start":{"line":11,"column":17},"end":{"line":11,"column":38}},"9":{"start":{"line":12,"column":2},"end":{"line":15,"column":3}},"10":{"start":{"line":13,"column":4},"end":{"line":13,"column":61}},"11":{"start":{"line":14,"column":4},"end":{"line":14,"column":17}},"12":{"start":{"line":16,"column":2},"end":{"line":16,"column":14}},"13":{"start":{"line":20,"column":2},"end":{"line":20,"column":34}},"14":{"start":{"line":20,"column":27},"end":{"line":20,"column":34}},"15":{"start":{"line":21,"column":39},"end":{"line":21,"column":47}},"16":{"start":{"line":22,"column":2},"end":{"line":22,"column":87}},"17":{"start":{"line":23,"column":17},"end":{"line":23,"column":66}},"18":{"start":{"line":24,"column":2},"end":{"line":24,"column":50}},"19":{"start":{"line":28,"column":2},"end":{"line":28,"column":34}},"20":{"start":{"line":28,"column":27},"end":{"line":28,"column":34}},"21":{"start":{"line":29,"column":26},"end":{"line":29,"column":34}},"22":{"start":{"line":30,"column":17},"end":{"line":30,"column":57}},"23":{"start":{"line":31,"column":2},"end":{"line":31,"column":54}},"24":{"start":{"line":35,"column":2},"end":{"line":35,"column":34}},"25":{"start":{"line":35,"column":27},"end":{"line":35,"column":34}},"26":{"start":{"line":36,"column":27},"end":{"line":36,"column":35}},"27":{"start":{"line":37,"column":17},"end":{"line":37,"column":67}},"28":{"start":{"line":38,"column":2},"end":{"line":38,"column":66}},"29":{"start":{"line":42,"column":27},"end":{"line":42,"column":35}},"30":{"start":{"line":43,"column":2},"end":{"line":43,"column":41}},"31":{"start":{"line":44,"column":2},"end":{"line":44,"column":57}},"32":{"start":{"line":48,"column":2},"end":{"line":48,"column":34}},"33":{"start":{"line":48,"column":27},"end":{"line":48,"column":34}},"34":{"start":{"line":49,"column":20},"end":{"line":49,"column":28}},"35":{"start":{"line":50,"column":17},"end":{"line":50,"column":56}},"36":{"start":{"line":51,"column":2},"end":{"line":51,"column":50}},"37":{"start":{"line":55,"column":2},"end":{"line":55,"column":34}},"38":{"start":{"line":55,"column":27},"end":{"line":55,"column":34}},"39":{"start":{"line":56,"column":38},"end":{"line":56,"column":46}},"40":{"start":{"line":57,"column":17},"end":{"line":57,"column":73}},"41":{"start":{"line":58,"column":2},"end":{"line":58,"column":46}},"42":{"start":{"line":62,"column":2},"end":{"line":62,"column":34}},"43":{"start":{"line":62,"column":27},"end":{"line":62,"column":34}},"44":{"start":{"line":63,"column":21},"end":{"line":63,"column":29}},"45":{"start":{"line":64,"column":17},"end":{"line":64,"column":52}},"46":{"start":{"line":65,"column":2},"end":{"line":65,"column":50}},"47":{"start":{"line":69,"column":70},"end":{"line":69,"column":78}},"48":{"start":{"line":70,"column":2},"end":{"line":72,"column":3}},"49":{"start":{"line":71,"column":4},"end":{"line":71,"column":58}},"50":{"start":{"line":73,"column":2},"end":{"line":73,"column":118}},"51":{"start":{"line":74,"column":2},"end":{"line":74,"column":69}},"52":{"start":{"line":78,"column":123},"end":{"line":78,"column":131}},"53":{"start":{"line":80,"column":2},"end":{"line":82,"column":3}},"54":{"start":{"line":81,"column":4},"end":{"line":81,"column":58}},"55":{"start":{"line":85,"column":27},"end":{"line":85,"column":79}},"56":{"start":{"line":86,"column":21},"end":{"line":86,"column":91}},"57":{"start":{"line":88,"column":2},"end":{"line":164,"column":3}},"58":{"start":{"line":90,"column":24},"end":{"line":90,"column":58}},"59":{"start":{"line":91,"column":4},"end":{"line":93,"column":5}},"60":{"start":{"line":92,"column":6},"end":{"line":92,"column":122}},"61":{"start":{"line":96,"column":23},"end":{"line":96,"column":89}},"62":{"start":{"line":97,"column":4},"end":{"line":99,"column":5}},"63":{"start":{"line":98,"column":6},"end":{"line":98,"column":75}},"64":{"start":{"line":102,"column":25},"end":{"line":107,"column":5}},"65":{"start":{"line":108,"column":21},"end":{"line":108,"column":44}},"66":{"start":{"line":111,"column":21},"end":{"line":111,"column":83}},"67":{"start":{"line":113,"column":4},"end":{"line":130,"column":5}},"68":{"start":{"line":114,"column":31},"end":{"line":120,"column":7}},"69":{"start":{"line":121,"column":25},"end":{"line":126,"column":7}},"70":{"start":{"line":127,"column":6},"end":{"line":127,"column":37}},"71":{"start":{"line":129,"column":6},"end":{"line":129,"column":37}},"72":{"start":{"line":133,"column":25},"end":{"line":133,"column":60}},"73":{"start":{"line":134,"column":21},"end":{"line":134,"column":105}},"74":{"start":{"line":135,"column":4},"end":{"line":147,"column":6}},"75":{"start":{"line":150,"column":21},"end":{"line":150,"column":25}},"76":{"start":{"line":151,"column":4},"end":{"line":158,"column":5}},"77":{"start":{"line":152,"column":6},"end":{"line":157,"column":7}},"78":{"start":{"line":153,"column":8},"end":{"line":153,"column":124}},"79":{"start":{"line":155,"column":8},"end":{"line":155,"column":86}},"80":{"start":{"line":156,"column":8},"end":{"line":156,"column":37}},"81":{"start":{"line":160,"column":4},"end":{"line":160,"column":120}},"82":{"start":{"line":162,"column":4},"end":{"line":162,"column":85}},"83":{"start":{"line":163,"column":4},"end":{"line":163,"column":76}},"84":{"start":{"line":168,"column":56},"end":{"line":168,"column":64}},"85":{"start":{"line":170,"column":2},"end":{"line":172,"column":3}},"86":{"start":{"line":171,"column":4},"end":{"line":171,"column":58}},"87":{"start":{"line":174,"column":2},"end":{"line":211,"column":3}},"88":{"start":{"line":176,"column":22},"end":{"line":176,"column":99}},"89":{"start":{"line":177,"column":4},"end":{"line":179,"column":5}},"90":{"start":{"line":178,"column":6},"end":{"line":178,"column":60}},"91":{"start":{"line":180,"column":19},"end":{"line":180,"column":39}},"92":{"start":{"line":181,"column":21},"end":{"line":181,"column":48}},"93":{"start":{"line":184,"column":24},"end":{"line":184,"column":89}},"94":{"start":{"line":185,"column":24},"end":{"line":185,"column":67}},"95":{"start":{"line":188,"column":25},"end":{"line":188,"column":60}},"96":{"start":{"line":191,"column":4},"end":{"line":196,"column":6}},"97":{"start":{"line":199,"column":21},"end":{"line":199,"column":25}},"98":{"start":{"line":200,"column":4},"end":{"line":205,"column":5}},"99":{"start":{"line":201,"column":6},"end":{"line":201,"column":111}},"100":{"start":{"line":203,"column":6},"end":{"line":203,"column":97}},"101":{"start":{"line":204,"column":6},"end":{"line":204,"column":35}},"102":{"start":{"line":207,"column":4},"end":{"line":207,"column":95}},"103":{"start":{"line":209,"column":4},"end":{"line":209,"column":92}},"104":{"start":{"line":210,"column":4},"end":{"line":210,"column":83}},"105":{"start":{"line":215,"column":30},"end":{"line":215,"column":38}},"106":{"start":{"line":216,"column":2},"end":{"line":218,"column":3}},"107":{"start":{"line":217,"column":4},"end":{"line":217,"column":58}},"108":{"start":{"line":219,"column":19},"end":{"line":219,"column":103}},"109":{"start":{"line":220,"column":2},"end":{"line":236,"column":3}},"110":{"start":{"line":221,"column":22},"end":{"line":221,"column":99}},"111":{"start":{"line":222,"column":4},"end":{"line":224,"column":5}},"112":{"start":{"line":223,"column":6},"end":{"line":223,"column":60}},"113":{"start":{"line":225,"column":19},"end":{"line":225,"column":39}},"114":{"start":{"line":226,"column":21},"end":{"line":226,"column":48}},"115":{"start":{"line":228,"column":4},"end":{"line":228,"column":82}},"116":{"start":{"line":229,"column":25},"end":{"line":229,"column":109}},"117":{"start":{"line":230,"column":4},"end":{"line":230,"column":90}},"118":{"start":{"line":232,"column":4},"end":{"line":232,"column":93}},"119":{"start":{"line":234,"column":4},"end":{"line":234,"column":89}},"120":{"start":{"line":235,"column":4},"end":{"line":235,"column":73}},"121":{"start":{"line":240,"column":22},"end":{"line":240,"column":30}},"122":{"start":{"line":241,"column":2},"end":{"line":243,"column":3}},"123":{"start":{"line":242,"column":4},"end":{"line":242,"column":58}},"124":{"start":{"line":244,"column":2},"end":{"line":257,"column":3}},"125":{"start":{"line":245,"column":22},"end":{"line":245,"column":95}},"126":{"start":{"line":246,"column":4},"end":{"line":248,"column":5}},"127":{"start":{"line":247,"column":6},"end":{"line":247,"column":60}},"128":{"start":{"line":249,"column":21},"end":{"line":249,"column":48}},"129":{"start":{"line":251,"column":4},"end":{"line":251,"column":65}},"130":{"start":{"line":253,"column":4},"end":{"line":253,"column":82}},"131":{"start":{"line":255,"column":4},"end":{"line":255,"column":94}},"132":{"start":{"line":256,"column":4},"end":{"line":256,"column":73}},"133":{"start":{"line":261,"column":2},"end":{"line":287,"column":3}},"134":{"start":{"line":262,"column":19},"end":{"line":269,"column":5}},"135":{"start":{"line":270,"column":19},"end":{"line":282,"column":7}},"136":{"start":{"line":270,"column":41},"end":{"line":282,"column":5}},"137":{"start":{"line":281,"column":41},"end":{"line":281,"column":45}},"138":{"start":{"line":283,"column":4},"end":{"line":283,"column":73}},"139":{"start":{"line":285,"column":4},"end":{"line":285,"column":79}},"140":{"start":{"line":286,"column":4},"end":{"line":286,"column":75}},"141":{"start":{"line":291,"column":77},"end":{"line":291,"column":85}},"142":{"start":{"line":292,"column":19},"end":{"line":292,"column":37}},"143":{"start":{"line":294,"column":2},"end":{"line":296,"column":3}},"144":{"start":{"line":295,"column":4},"end":{"line":295,"column":58}},"145":{"start":{"line":298,"column":2},"end":{"line":356,"column":3}},"146":{"start":{"line":300,"column":24},"end":{"line":300,"column":53}},"147":{"start":{"line":301,"column":4},"end":{"line":303,"column":5}},"148":{"start":{"line":302,"column":6},"end":{"line":302,"column":122}},"149":{"start":{"line":306,"column":21},"end":{"line":306,"column":90}},"150":{"start":{"line":307,"column":4},"end":{"line":309,"column":5}},"151":{"start":{"line":308,"column":6},"end":{"line":308,"column":78}},"152":{"start":{"line":312,"column":21},"end":{"line":312,"column":80}},"153":{"start":{"line":314,"column":4},"end":{"line":330,"column":5}},"154":{"start":{"line":315,"column":33},"end":{"line":320,"column":7}},"155":{"start":{"line":321,"column":25},"end":{"line":326,"column":7}},"156":{"start":{"line":327,"column":6},"end":{"line":327,"column":37}},"157":{"start":{"line":329,"column":6},"end":{"line":329,"column":37}},"158":{"start":{"line":333,"column":25},"end":{"line":333,"column":73}},"159":{"start":{"line":334,"column":19},"end":{"line":338,"column":5}},"160":{"start":{"line":339,"column":19},"end":{"line":339,"column":36}},"161":{"start":{"line":342,"column":4},"end":{"line":350,"column":5}},"162":{"start":{"line":343,"column":6},"end":{"line":349,"column":7}},"163":{"start":{"line":344,"column":28},"end":{"line":344,"column":93}},"164":{"start":{"line":345,"column":28},"end":{"line":345,"column":69}},"165":{"start":{"line":346,"column":8},"end":{"line":346,"column":128}},"166":{"start":{"line":348,"column":8},"end":{"line":348,"column":86}},"167":{"start":{"line":352,"column":4},"end":{"line":352,"column":85}},"168":{"start":{"line":354,"column":4},"end":{"line":354,"column":80}},"169":{"start":{"line":355,"column":4},"end":{"line":355,"column":71}},"170":{"start":{"line":360,"column":19},"end":{"line":360,"column":37}},"171":{"start":{"line":361,"column":2},"end":{"line":403,"column":3}},"172":{"start":{"line":362,"column":19},"end":{"line":369,"column":5}},"173":{"start":{"line":371,"column":20},"end":{"line":378,"column":5}},"174":{"start":{"line":372,"column":6},"end":{"line":372,"column":75}},"175":{"start":{"line":372,"column":55},"end":{"line":372,"column":75}},"176":{"start":{"line":373,"column":6},"end":{"line":373,"column":82}},"177":{"start":{"line":373,"column":67},"end":{"line":373,"column":82}},"178":{"start":{"line":374,"column":6},"end":{"line":374,"column":91}},"179":{"start":{"line":374,"column":72},"end":{"line":374,"column":91}},"180":{"start":{"line":375,"column":6},"end":{"line":375,"column":84}},"181":{"start":{"line":375,"column":67},"end":{"line":375,"column":84}},"182":{"start":{"line":376,"column":6},"end":{"line":376,"column":69}},"183":{"start":{"line":376,"column":52},"end":{"line":376,"column":69}},"184":{"start":{"line":377,"column":6},"end":{"line":377,"column":26}},"185":{"start":{"line":380,"column":18},"end":{"line":397,"column":7}},"186":{"start":{"line":380,"column":40},"end":{"line":397,"column":5}},"187":{"start":{"line":390,"column":41},"end":{"line":390,"column":45}},"188":{"start":{"line":399,"column":4},"end":{"line":399,"column":71}},"189":{"start":{"line":401,"column":4},"end":{"line":401,"column":78}},"190":{"start":{"line":402,"column":4},"end":{"line":402,"column":74}},"191":{"start":{"line":407,"column":17},"end":{"line":407,"column":27}},"192":{"start":{"line":408,"column":19},"end":{"line":408,"column":37}},"193":{"start":{"line":410,"column":2},"end":{"line":421,"column":3}},"194":{"start":{"line":411,"column":18},"end":{"line":411,"column":102}},"195":{"start":{"line":412,"column":4},"end":{"line":414,"column":5}},"196":{"start":{"line":413,"column":6},"end":{"line":413,"column":68}},"197":{"start":{"line":416,"column":4},"end":{"line":416,"column":57}},"198":{"start":{"line":417,"column":4},"end":{"line":417,"column":65}},"199":{"start":{"line":419,"column":4},"end":{"line":419,"column":68}},"200":{"start":{"line":420,"column":4},"end":{"line":420,"column":71}},"201":{"start":{"line":425,"column":25},"end":{"line":425,"column":33}},"202":{"start":{"line":426,"column":19},"end":{"line":426,"column":37}},"203":{"start":{"line":428,"column":2},"end":{"line":430,"column":3}},"204":{"start":{"line":429,"column":4},"end":{"line":429,"column":58}},"205":{"start":{"line":432,"column":19},"end":{"line":432,"column":103}},"206":{"start":{"line":434,"column":2},"end":{"line":445,"column":3}},"207":{"start":{"line":435,"column":18},"end":{"line":435,"column":102}},"208":{"start":{"line":436,"column":4},"end":{"line":438,"column":5}},"209":{"start":{"line":437,"column":6},"end":{"line":437,"column":68}},"210":{"start":{"line":440,"column":4},"end":{"line":440,"column":78}},"211":{"start":{"line":441,"column":4},"end":{"line":441,"column":80}},"212":{"start":{"line":443,"column":4},"end":{"line":443,"column":75}},"213":{"start":{"line":444,"column":4},"end":{"line":444,"column":78}},"214":{"start":{"line":449,"column":17},"end":{"line":449,"column":27}},"215":{"start":{"line":450,"column":19},"end":{"line":450,"column":37}},"216":{"start":{"line":452,"column":2},"end":{"line":474,"column":3}},"217":{"start":{"line":453,"column":22},"end":{"line":453,"column":129}},"218":{"start":{"line":454,"column":4},"end":{"line":456,"column":5}},"219":{"start":{"line":455,"column":6},"end":{"line":455,"column":68}},"220":{"start":{"line":457,"column":17},"end":{"line":457,"column":34}},"221":{"start":{"line":459,"column":25},"end":{"line":459,"column":64}},"222":{"start":{"line":460,"column":25},"end":{"line":460,"column":47}},"223":{"start":{"line":462,"column":25},"end":{"line":462,"column":60}},"224":{"start":{"line":463,"column":4},"end":{"line":463,"column":109}},"225":{"start":{"line":465,"column":24},"end":{"line":465,"column":89}},"226":{"start":{"line":466,"column":24},"end":{"line":466,"column":67}},"227":{"start":{"line":468,"column":4},"end":{"line":468,"column":123}},"228":{"start":{"line":470,"column":4},"end":{"line":470,"column":126}},"229":{"start":{"line":472,"column":4},"end":{"line":472,"column":76}},"230":{"start":{"line":473,"column":4},"end":{"line":473,"column":79}},"231":{"start":{"line":478,"column":20},"end":{"line":478,"column":29}},"232":{"start":{"line":479,"column":2},"end":{"line":481,"column":3}},"233":{"start":{"line":480,"column":4},"end":{"line":480,"column":68}},"234":{"start":{"line":482,"column":2},"end":{"line":488,"column":3}},"235":{"start":{"line":483,"column":19},"end":{"line":483,"column":48}},"236":{"start":{"line":484,"column":4},"end":{"line":484,"column":82}},"237":{"start":{"line":486,"column":4},"end":{"line":486,"column":65}},"238":{"start":{"line":487,"column":4},"end":{"line":487,"column":71}},"239":{"start":{"line":491,"column":0},"end":{"line":511,"column":2}}},"fnMap":{"0":{"name":"validate","decl":{"start":{"line":10,"column":9},"end":{"line":10,"column":17}},"loc":{"start":{"line":10,"column":28},"end":{"line":17,"column":1}},"line":10},"1":{"name":"login","decl":{"start":{"line":19,"column":15},"end":{"line":19,"column":20}},"loc":{"start":{"line":19,"column":31},"end":{"line":25,"column":1}},"line":19},"2":{"name":"verifyOtp","decl":{"start":{"line":27,"column":15},"end":{"line":27,"column":24}},"loc":{"start":{"line":27,"column":35},"end":{"line":32,"column":1}},"line":27},"3":{"name":"refresh","decl":{"start":{"line":34,"column":15},"end":{"line":34,"column":22}},"loc":{"start":{"line":34,"column":33},"end":{"line":39,"column":1}},"line":34},"4":{"name":"logout","decl":{"start":{"line":41,"column":15},"end":{"line":41,"column":21}},"loc":{"start":{"line":41,"column":32},"end":{"line":45,"column":1}},"line":41},"5":{"name":"forgotPassword","decl":{"start":{"line":47,"column":15},"end":{"line":47,"column":29}},"loc":{"start":{"line":47,"column":40},"end":{"line":52,"column":1}},"line":47},"6":{"name":"resetPassword","decl":{"start":{"line":54,"column":15},"end":{"line":54,"column":28}},"loc":{"start":{"line":54,"column":39},"end":{"line":59,"column":1}},"line":54},"7":{"name":"resendOtp","decl":{"start":{"line":61,"column":15},"end":{"line":61,"column":24}},"loc":{"start":{"line":61,"column":35},"end":{"line":66,"column":1}},"line":61},"8":{"name":"sendCredentials","decl":{"start":{"line":68,"column":15},"end":{"line":68,"column":30}},"loc":{"start":{"line":68,"column":41},"end":{"line":75,"column":1}},"line":68},"9":{"name":"createTenant","decl":{"start":{"line":77,"column":15},"end":{"line":77,"column":27}},"loc":{"start":{"line":77,"column":38},"end":{"line":165,"column":1}},"line":77},"10":{"name":"resetTenantAdmin","decl":{"start":{"line":167,"column":15},"end":{"line":167,"column":31}},"loc":{"start":{"line":167,"column":42},"end":{"line":212,"column":1}},"line":167},"11":{"name":"blockTenantAdmin","decl":{"start":{"line":214,"column":15},"end":{"line":214,"column":31}},"loc":{"start":{"line":214,"column":42},"end":{"line":237,"column":1}},"line":214},"12":{"name":"deleteTenantAdmin","decl":{"start":{"line":239,"column":15},"end":{"line":239,"column":32}},"loc":{"start":{"line":239,"column":43},"end":{"line":258,"column":1}},"line":239},"13":{"name":"getTenantAdmins","decl":{"start":{"line":260,"column":15},"end":{"line":260,"column":30}},"loc":{"start":{"line":260,"column":41},"end":{"line":288,"column":1}},"line":260},"14":{"name":"(anonymous_14)","decl":{"start":{"line":270,"column":35},"end":{"line":270,"column":36}},"loc":{"start":{"line":270,"column":41},"end":{"line":282,"column":5}},"line":270},"15":{"name":"(anonymous_15)","decl":{"start":{"line":281,"column":36},"end":{"line":281,"column":37}},"loc":{"start":{"line":281,"column":41},"end":{"line":281,"column":45}},"line":281},"16":{"name":"createUser","decl":{"start":{"line":290,"column":15},"end":{"line":290,"column":25}},"loc":{"start":{"line":290,"column":36},"end":{"line":357,"column":1}},"line":290},"17":{"name":"getUsers","decl":{"start":{"line":359,"column":15},"end":{"line":359,"column":23}},"loc":{"start":{"line":359,"column":34},"end":{"line":404,"column":1}},"line":359},"18":{"name":"(anonymous_18)","decl":{"start":{"line":371,"column":20},"end":{"line":371,"column":21}},"loc":{"start":{"line":371,"column":34},"end":{"line":378,"column":5}},"line":371},"19":{"name":"(anonymous_19)","decl":{"start":{"line":380,"column":34},"end":{"line":380,"column":35}},"loc":{"start":{"line":380,"column":40},"end":{"line":397,"column":5}},"line":380},"20":{"name":"(anonymous_20)","decl":{"start":{"line":390,"column":36},"end":{"line":390,"column":37}},"loc":{"start":{"line":390,"column":41},"end":{"line":390,"column":45}},"line":390},"21":{"name":"deleteUser","decl":{"start":{"line":406,"column":15},"end":{"line":406,"column":25}},"loc":{"start":{"line":406,"column":36},"end":{"line":422,"column":1}},"line":406},"22":{"name":"toggleBlockUser","decl":{"start":{"line":424,"column":15},"end":{"line":424,"column":30}},"loc":{"start":{"line":424,"column":41},"end":{"line":446,"column":1}},"line":424},"23":{"name":"resetUserPassword","decl":{"start":{"line":448,"column":15},"end":{"line":448,"column":32}},"loc":{"start":{"line":448,"column":43},"end":{"line":475,"column":1}},"line":448},"24":{"name":"checkEmail","decl":{"start":{"line":477,"column":15},"end":{"line":477,"column":25}},"loc":{"start":{"line":477,"column":36},"end":{"line":489,"column":1}},"line":477}},"branchMap":{"0":{"loc":{"start":{"line":12,"column":2},"end":{"line":15,"column":3}},"type":"if","locations":[{"start":{"line":12,"column":2},"end":{"line":15,"column":3}},{"start":{},"end":{}}],"line":12},"1":{"loc":{"start":{"line":20,"column":2},"end":{"line":20,"column":34}},"type":"if","locations":[{"start":{"line":20,"column":2},"end":{"line":20,"column":34}},{"start":{},"end":{}}],"line":20},"2":{"loc":{"start":{"line":28,"column":2},"end":{"line":28,"column":34}},"type":"if","locations":[{"start":{"line":28,"column":2},"end":{"line":28,"column":34}},{"start":{},"end":{}}],"line":28},"3":{"loc":{"start":{"line":35,"column":2},"end":{"line":35,"column":34}},"type":"if","locations":[{"start":{"line":35,"column":2},"end":{"line":35,"column":34}},{"start":{},"end":{}}],"line":35},"4":{"loc":{"start":{"line":48,"column":2},"end":{"line":48,"column":34}},"type":"if","locations":[{"start":{"line":48,"column":2},"end":{"line":48,"column":34}},{"start":{},"end":{}}],"line":48},"5":{"loc":{"start":{"line":55,"column":2},"end":{"line":55,"column":34}},"type":"if","locations":[{"start":{"line":55,"column":2},"end":{"line":55,"column":34}},{"start":{},"end":{}}],"line":55},"6":{"loc":{"start":{"line":62,"column":2},"end":{"line":62,"column":34}},"type":"if","locations":[{"start":{"line":62,"column":2},"end":{"line":62,"column":34}},{"start":{},"end":{}}],"line":62},"7":{"loc":{"start":{"line":70,"column":2},"end":{"line":72,"column":3}},"type":"if","locations":[{"start":{"line":70,"column":2},"end":{"line":72,"column":3}},{"start":{},"end":{}}],"line":70},"8":{"loc":{"start":{"line":70,"column":6},"end":{"line":70,"column":68}},"type":"binary-expr","locations":[{"start":{"line":70,"column":6},"end":{"line":70,"column":9}},{"start":{"line":70,"column":13},"end":{"line":70,"column":21}},{"start":{"line":70,"column":25},"end":{"line":70,"column":38}},{"start":{"line":70,"column":42},"end":{"line":70,"column":54}},{"start":{"line":70,"column":58},"end":{"line":70,"column":68}}],"line":70},"9":{"loc":{"start":{"line":73,"column":93},"end":{"line":73,"column":116}},"type":"binary-expr","locations":[{"start":{"line":73,"column":93},"end":{"line":73,"column":97}},{"start":{"line":73,"column":101},"end":{"line":73,"column":116}}],"line":73},"10":{"loc":{"start":{"line":80,"column":2},"end":{"line":82,"column":3}},"type":"if","locations":[{"start":{"line":80,"column":2},"end":{"line":82,"column":3}},{"start":{},"end":{}}],"line":80},"11":{"loc":{"start":{"line":80,"column":6},"end":{"line":80,"column":76}},"type":"binary-expr","locations":[{"start":{"line":80,"column":6},"end":{"line":80,"column":18}},{"start":{"line":80,"column":22},"end":{"line":80,"column":32}},{"start":{"line":80,"column":36},"end":{"line":80,"column":47}},{"start":{"line":80,"column":51},"end":{"line":80,"column":59}},{"start":{"line":80,"column":63},"end":{"line":80,"column":76}}],"line":80},"12":{"loc":{"start":{"line":91,"column":4},"end":{"line":93,"column":5}},"type":"if","locations":[{"start":{"line":91,"column":4},"end":{"line":93,"column":5}},{"start":{},"end":{}}],"line":91},"13":{"loc":{"start":{"line":97,"column":4},"end":{"line":99,"column":5}},"type":"if","locations":[{"start":{"line":97,"column":4},"end":{"line":99,"column":5}},{"start":{},"end":{}}],"line":97},"14":{"loc":{"start":{"line":113,"column":4},"end":{"line":130,"column":5}},"type":"if","locations":[{"start":{"line":113,"column":4},"end":{"line":130,"column":5}},{"start":{"line":128,"column":11},"end":{"line":130,"column":5}}],"line":113},"15":{"loc":{"start":{"line":134,"column":21},"end":{"line":134,"column":105}},"type":"cond-expr","locations":[{"start":{"line":134,"column":44},"end":{"line":134,"column":55}},{"start":{"line":134,"column":59},"end":{"line":134,"column":104}}],"line":134},"16":{"loc":{"start":{"line":134,"column":59},"end":{"line":134,"column":104}},"type":"cond-expr","locations":[{"start":{"line":134,"column":83},"end":{"line":134,"column":93}},{"start":{"line":134,"column":96},"end":{"line":134,"column":104}}],"line":134},"17":{"loc":{"start":{"line":151,"column":4},"end":{"line":158,"column":5}},"type":"if","locations":[{"start":{"line":151,"column":4},"end":{"line":158,"column":5}},{"start":{},"end":{}}],"line":151},"18":{"loc":{"start":{"line":163,"column":26},"end":{"line":163,"column":69}},"type":"binary-expr","locations":[{"start":{"line":163,"column":26},"end":{"line":163,"column":37}},{"start":{"line":163,"column":41},"end":{"line":163,"column":69}}],"line":163},"19":{"loc":{"start":{"line":170,"column":2},"end":{"line":172,"column":3}},"type":"if","locations":[{"start":{"line":170,"column":2},"end":{"line":172,"column":3}},{"start":{},"end":{}}],"line":170},"20":{"loc":{"start":{"line":170,"column":6},"end":{"line":170,"column":50}},"type":"binary-expr","locations":[{"start":{"line":170,"column":6},"end":{"line":170,"column":14}},{"start":{"line":170,"column":18},"end":{"line":170,"column":23}},{"start":{"line":170,"column":27},"end":{"line":170,"column":33}},{"start":{"line":170,"column":37},"end":{"line":170,"column":50}}],"line":170},"21":{"loc":{"start":{"line":177,"column":4},"end":{"line":179,"column":5}},"type":"if","locations":[{"start":{"line":177,"column":4},"end":{"line":179,"column":5}},{"start":{},"end":{}}],"line":177},"22":{"loc":{"start":{"line":185,"column":24},"end":{"line":185,"column":67}},"type":"binary-expr","locations":[{"start":{"line":185,"column":24},"end":{"line":185,"column":49}},{"start":{"line":185,"column":53},"end":{"line":185,"column":67}}],"line":185},"23":{"loc":{"start":{"line":210,"column":26},"end":{"line":210,"column":76}},"type":"binary-expr","locations":[{"start":{"line":210,"column":26},"end":{"line":210,"column":37}},{"start":{"line":210,"column":41},"end":{"line":210,"column":76}}],"line":210},"24":{"loc":{"start":{"line":216,"column":2},"end":{"line":218,"column":3}},"type":"if","locations":[{"start":{"line":216,"column":2},"end":{"line":218,"column":3}},{"start":{},"end":{}}],"line":216},"25":{"loc":{"start":{"line":216,"column":6},"end":{"line":216,"column":25}},"type":"binary-expr","locations":[{"start":{"line":216,"column":6},"end":{"line":216,"column":14}},{"start":{"line":216,"column":18},"end":{"line":216,"column":25}}],"line":216},"26":{"loc":{"start":{"line":219,"column":19},"end":{"line":219,"column":103}},"type":"cond-expr","locations":[{"start":{"line":219,"column":42},"end":{"line":219,"column":53}},{"start":{"line":219,"column":57},"end":{"line":219,"column":102}}],"line":219},"27":{"loc":{"start":{"line":219,"column":57},"end":{"line":219,"column":102}},"type":"cond-expr","locations":[{"start":{"line":219,"column":81},"end":{"line":219,"column":91}},{"start":{"line":219,"column":94},"end":{"line":219,"column":102}}],"line":219},"28":{"loc":{"start":{"line":222,"column":4},"end":{"line":224,"column":5}},"type":"if","locations":[{"start":{"line":222,"column":4},"end":{"line":224,"column":5}},{"start":{},"end":{}}],"line":222},"29":{"loc":{"start":{"line":229,"column":25},"end":{"line":229,"column":109}},"type":"cond-expr","locations":[{"start":{"line":229,"column":48},"end":{"line":229,"column":59}},{"start":{"line":229,"column":63},"end":{"line":229,"column":108}}],"line":229},"30":{"loc":{"start":{"line":229,"column":63},"end":{"line":229,"column":108}},"type":"cond-expr","locations":[{"start":{"line":229,"column":87},"end":{"line":229,"column":97}},{"start":{"line":229,"column":100},"end":{"line":229,"column":108}}],"line":229},"31":{"loc":{"start":{"line":235,"column":26},"end":{"line":235,"column":66}},"type":"binary-expr","locations":[{"start":{"line":235,"column":26},"end":{"line":235,"column":37}},{"start":{"line":235,"column":41},"end":{"line":235,"column":66}}],"line":235},"32":{"loc":{"start":{"line":241,"column":2},"end":{"line":243,"column":3}},"type":"if","locations":[{"start":{"line":241,"column":2},"end":{"line":243,"column":3}},{"start":{},"end":{}}],"line":241},"33":{"loc":{"start":{"line":246,"column":4},"end":{"line":248,"column":5}},"type":"if","locations":[{"start":{"line":246,"column":4},"end":{"line":248,"column":5}},{"start":{},"end":{}}],"line":246},"34":{"loc":{"start":{"line":256,"column":26},"end":{"line":256,"column":66}},"type":"binary-expr","locations":[{"start":{"line":256,"column":26},"end":{"line":256,"column":37}},{"start":{"line":256,"column":41},"end":{"line":256,"column":66}}],"line":256},"35":{"loc":{"start":{"line":278,"column":14},"end":{"line":278,"column":61}},"type":"cond-expr","locations":[{"start":{"line":278,"column":41},"end":{"line":278,"column":50}},{"start":{"line":278,"column":53},"end":{"line":278,"column":61}}],"line":278},"36":{"loc":{"start":{"line":281,"column":14},"end":{"line":281,"column":76}},"type":"binary-expr","locations":[{"start":{"line":281,"column":14},"end":{"line":281,"column":69}},{"start":{"line":281,"column":73},"end":{"line":281,"column":76}}],"line":281},"37":{"loc":{"start":{"line":286,"column":26},"end":{"line":286,"column":68}},"type":"binary-expr","locations":[{"start":{"line":286,"column":26},"end":{"line":286,"column":37}},{"start":{"line":286,"column":41},"end":{"line":286,"column":68}}],"line":286},"38":{"loc":{"start":{"line":294,"column":2},"end":{"line":296,"column":3}},"type":"if","locations":[{"start":{"line":294,"column":2},"end":{"line":296,"column":3}},{"start":{},"end":{}}],"line":294},"39":{"loc":{"start":{"line":294,"column":6},"end":{"line":294,"column":45}},"type":"binary-expr","locations":[{"start":{"line":294,"column":6},"end":{"line":294,"column":11}},{"start":{"line":294,"column":15},"end":{"line":294,"column":21}},{"start":{"line":294,"column":25},"end":{"line":294,"column":36}},{"start":{"line":294,"column":40},"end":{"line":294,"column":45}}],"line":294},"40":{"loc":{"start":{"line":301,"column":4},"end":{"line":303,"column":5}},"type":"if","locations":[{"start":{"line":301,"column":4},"end":{"line":303,"column":5}},{"start":{},"end":{}}],"line":301},"41":{"loc":{"start":{"line":307,"column":4},"end":{"line":309,"column":5}},"type":"if","locations":[{"start":{"line":307,"column":4},"end":{"line":309,"column":5}},{"start":{},"end":{}}],"line":307},"42":{"loc":{"start":{"line":314,"column":4},"end":{"line":330,"column":5}},"type":"if","locations":[{"start":{"line":314,"column":4},"end":{"line":330,"column":5}},{"start":{"line":328,"column":11},"end":{"line":330,"column":5}}],"line":314},"43":{"loc":{"start":{"line":333,"column":43},"end":{"line":333,"column":68}},"type":"binary-expr","locations":[{"start":{"line":333,"column":43},"end":{"line":333,"column":51}},{"start":{"line":333,"column":55},"end":{"line":333,"column":68}}],"line":333},"44":{"loc":{"start":{"line":342,"column":4},"end":{"line":350,"column":5}},"type":"if","locations":[{"start":{"line":342,"column":4},"end":{"line":350,"column":5}},{"start":{},"end":{}}],"line":342},"45":{"loc":{"start":{"line":345,"column":28},"end":{"line":345,"column":69}},"type":"binary-expr","locations":[{"start":{"line":345,"column":28},"end":{"line":345,"column":53}},{"start":{"line":345,"column":57},"end":{"line":345,"column":69}}],"line":345},"46":{"loc":{"start":{"line":346,"column":67},"end":{"line":346,"column":92}},"type":"binary-expr","locations":[{"start":{"line":346,"column":67},"end":{"line":346,"column":75}},{"start":{"line":346,"column":79},"end":{"line":346,"column":92}}],"line":346},"47":{"loc":{"start":{"line":355,"column":26},"end":{"line":355,"column":64}},"type":"binary-expr","locations":[{"start":{"line":355,"column":26},"end":{"line":355,"column":37}},{"start":{"line":355,"column":41},"end":{"line":355,"column":64}}],"line":355},"48":{"loc":{"start":{"line":372,"column":6},"end":{"line":372,"column":75}},"type":"if","locations":[{"start":{"line":372,"column":6},"end":{"line":372,"column":75}},{"start":{},"end":{}}],"line":372},"49":{"loc":{"start":{"line":373,"column":6},"end":{"line":373,"column":82}},"type":"if","locations":[{"start":{"line":373,"column":6},"end":{"line":373,"column":82}},{"start":{},"end":{}}],"line":373},"50":{"loc":{"start":{"line":374,"column":6},"end":{"line":374,"column":91}},"type":"if","locations":[{"start":{"line":374,"column":6},"end":{"line":374,"column":91}},{"start":{},"end":{}}],"line":374},"51":{"loc":{"start":{"line":375,"column":6},"end":{"line":375,"column":84}},"type":"if","locations":[{"start":{"line":375,"column":6},"end":{"line":375,"column":84}},{"start":{},"end":{}}],"line":375},"52":{"loc":{"start":{"line":376,"column":6},"end":{"line":376,"column":69}},"type":"if","locations":[{"start":{"line":376,"column":6},"end":{"line":376,"column":69}},{"start":{},"end":{}}],"line":376},"53":{"loc":{"start":{"line":384,"column":18},"end":{"line":384,"column":34}},"type":"binary-expr","locations":[{"start":{"line":384,"column":18},"end":{"line":384,"column":28}},{"start":{"line":384,"column":32},"end":{"line":384,"column":34}}],"line":384},"54":{"loc":{"start":{"line":387,"column":14},"end":{"line":387,"column":61}},"type":"cond-expr","locations":[{"start":{"line":387,"column":41},"end":{"line":387,"column":50}},{"start":{"line":387,"column":53},"end":{"line":387,"column":61}}],"line":387},"55":{"loc":{"start":{"line":390,"column":14},"end":{"line":390,"column":76}},"type":"binary-expr","locations":[{"start":{"line":390,"column":14},"end":{"line":390,"column":69}},{"start":{"line":390,"column":73},"end":{"line":390,"column":76}}],"line":390},"56":{"loc":{"start":{"line":402,"column":26},"end":{"line":402,"column":67}},"type":"binary-expr","locations":[{"start":{"line":402,"column":26},"end":{"line":402,"column":37}},{"start":{"line":402,"column":41},"end":{"line":402,"column":67}}],"line":402},"57":{"loc":{"start":{"line":412,"column":4},"end":{"line":414,"column":5}},"type":"if","locations":[{"start":{"line":412,"column":4},"end":{"line":414,"column":5}},{"start":{},"end":{}}],"line":412},"58":{"loc":{"start":{"line":420,"column":26},"end":{"line":420,"column":64}},"type":"binary-expr","locations":[{"start":{"line":420,"column":26},"end":{"line":420,"column":37}},{"start":{"line":420,"column":41},"end":{"line":420,"column":64}}],"line":420},"59":{"loc":{"start":{"line":428,"column":2},"end":{"line":430,"column":3}},"type":"if","locations":[{"start":{"line":428,"column":2},"end":{"line":430,"column":3}},{"start":{},"end":{}}],"line":428},"60":{"loc":{"start":{"line":428,"column":6},"end":{"line":428,"column":20}},"type":"binary-expr","locations":[{"start":{"line":428,"column":6},"end":{"line":428,"column":9}},{"start":{"line":428,"column":13},"end":{"line":428,"column":20}}],"line":428},"61":{"loc":{"start":{"line":432,"column":19},"end":{"line":432,"column":103}},"type":"cond-expr","locations":[{"start":{"line":432,"column":42},"end":{"line":432,"column":53}},{"start":{"line":432,"column":57},"end":{"line":432,"column":102}}],"line":432},"62":{"loc":{"start":{"line":432,"column":57},"end":{"line":432,"column":102}},"type":"cond-expr","locations":[{"start":{"line":432,"column":81},"end":{"line":432,"column":91}},{"start":{"line":432,"column":94},"end":{"line":432,"column":102}}],"line":432},"63":{"loc":{"start":{"line":436,"column":4},"end":{"line":438,"column":5}},"type":"if","locations":[{"start":{"line":436,"column":4},"end":{"line":438,"column":5}},{"start":{},"end":{}}],"line":436},"64":{"loc":{"start":{"line":444,"column":26},"end":{"line":444,"column":71}},"type":"binary-expr","locations":[{"start":{"line":444,"column":26},"end":{"line":444,"column":37}},{"start":{"line":444,"column":41},"end":{"line":444,"column":71}}],"line"
[...]
,"C:\\Users\\Abcom\\Desktop\\SRJ Global Tech\\hubnest_crm_fullstack\\server\\src\\services\\tokenService.js": {"path":"C:\\Users\\Abcom\\Desktop\\SRJ Global Tech\\hubnest_crm_fullstack\\server\\src\\services\\tokenService.js","statementMap":{"0":{"start":{"line":1,"column":12},"end":{"line":1,"column":35}},"1":{"start":{"line":2,"column":23},"end":{"line":2,"column":38}},"2":{"start":{"line":3,"column":12},"end":{"line":3,"column":36}},"3":{"start":{"line":4,"column":18},"end":{"line":4,"column":47}},"4":{"start":{"line":5,"column":15},"end":{"line":5,"column":41}},"5":{"start":{"line":8,"column":2},"end":{"line":12,"column":5}},"6":{"start":{"line":16,"column":2},"end":{"line":20,"column":5}},"7":{"start":{"line":24,"column":2},"end":{"line":24,"column":69}},"8":{"start":{"line":28,"column":2},"end":{"line":28,"column":76}},"9":{"start":{"line":32,"column":20},"end":{"line":32,"column":66}},"10":{"start":{"line":33,"column":2},"end":{"line":38,"column":4}},"11":{"start":{"line":42,"column":17},"end":{"line":46,"column":3}},"12":{"start":{"line":47,"column":2},"end":{"line":47,"column":32}},"13":{"start":{"line":51,"column":2},"end":{"line":51,"column":84}},"14":{"start":{"line":55,"column":2},"end":{"line":55,"column":87}},"15":{"start":{"line":56,"column":2},"end":{"line":56,"column":55}},"16":{"start":{"line":59,"column":0},"end":{"line":68,"column":2}}},"fnMap":{"0":{"name":"generateAccessToken","decl":{"start":{"line":7,"column":9},"end":{"line":7,"column":28}},"loc":{"start":{"line":7,"column":38},"end":{"line":13,"column":1}},"line":7},"1":{"name":"generateRefreshToken","decl":{"start":{"line":15,"column":9},"end":{"line":15,"column":29}},"loc":{"start":{"line":15,"column":39},"end":{"line":21,"column":1}},"line":15},"2":{"name":"verifyAccessToken","decl":{"start":{"line":23,"column":9},"end":{"line":23,"column":26}},"loc":{"start":{"line":23,"column":34},"end":{"line":25,"column":1}},"line":23},"3":{"name":"verifyRefreshToken","decl":{"start":{"line":27,"column":9},"end":{"line":27,"column":27}},"loc":{"start":{"line":27,"column":35},"end":{"line":29,"column":1}},"line":27},"4":{"name":"saveRefreshToken","decl":{"start":{"line":31,"column":15},"end":{"line":31,"column":31}},"loc":{"start":{"line":31,"column":47},"end":{"line":39,"column":1}},"line":31},"5":{"name":"findRefreshToken","decl":{"start":{"line":41,"column":15},"end":{"line":41,"column":31}},"loc":{"start":{"line":41,"column":39},"end":{"line":48,"column":1}},"line":41},"6":{"name":"revokeRefreshToken","decl":{"start":{"line":50,"column":15},"end":{"line":50,"column":33}},"loc":{"start":{"line":50,"column":41},"end":{"line":52,"column":1}},"line":50},"7":{"name":"revokeAllUserTokens","decl":{"start":{"line":54,"column":15},"end":{"line":54,"column":34}},"loc":{"start":{"line":54,"column":43},"end":{"line":57,"column":1}},"line":54}},"branchMap":{"0":{"loc":{"start":{"line":47,"column":9},"end":{"line":47,"column":31}},"type":"binary-expr","locations":[{"start":{"line":47,"column":9},"end":{"line":47,"column":23}},{"start":{"line":47,"column":27},"end":{"line":47,"column":31}}],"line":47}},"s":{"0":4,"1":4,"2":4,"3":4,"4":4,"5":22,"6":5,"7":49,"8":4,"9":4,"10":4,"11":2,"12":2,"13":1,"14":0,"15":0,"16":4},"f":{"0":22,"1":5,"2":49,"3":4,"4":4,"5":2,"6":1,"7":0},"b":{"0":[2,1]},"_coverageSchema":"1a1c01bbd47fc00a2c39e90264f33305004495a9","hash":"f3601b399ee6b9cdbb1919b6a33ec69fdf344e3b"}
,"C:\\Users\\Abcom\\Desktop\\SRJ Global Tech\\hubnest_crm_fullstack\\server\\src\\utils\\helpers.js": {"path":"C:\\Users\\Abcom\\Desktop\\SRJ Global Tech\\hubnest_crm_fullstack\\server\\src\\utils\\helpers.js","statementMap":{"0":{"start":{"line":2,"column":2},"end":{"line":2,"column":71}},"1":{"start":{"line":6,"column":18},"end":{"line":6,"column":45}},"2":{"start":{"line":7,"column":2},"end":{"line":7,"column":38}},"3":{"start":{"line":7,"column":14},"end":{"line":7,"column":38}},"4":{"start":{"line":8,"column":2},"end":{"line":8,"column":46}},"5":{"start":{"line":12,"column":26},"end":{"line":12,"column":42}},"6":{"start":{"line":13,"column":18},"end":{"line":13,"column":120}},"7":{"start":{"line":14,"column":2},"end":{"line":14,"column":32}},"8":{"start":{"line":18,"column":37},"end":{"line":18,"column":41}},"9":{"start":{"line":19,"column":2},"end":{"line":19,"column":14}},"10":{"start":{"line":22,"column":0},"end":{"line":22,"column":69}}},"fnMap":{"0":{"name":"sendSuccess","decl":{"start":{"line":1,"column":9},"end":{"line":1,"column":20}},"loc":{"start":{"line":1,"column":76},"end":{"line":3,"column":1}},"line":1},"1":{"name":"sendError","decl":{"start":{"line":5,"column":9},"end":{"line":5,"column":18}},"loc":{"start":{"line":5,"column":92},"end":{"line":9,"column":1}},"line":5},"2":{"name":"maskEmail","decl":{"start":{"line":11,"column":9},"end":{"line":11,"column":18}},"loc":{"start":{"line":11,"column":26},"end":{"line":15,"column":1}},"line":11},"3":{"name":"sanitizeUser","decl":{"start":{"line":17,"column":9},"end":{"line":17,"column":21}},"loc":{"start":{"line":17,"column":28},"end":{"line":20,"column":1}},"line":17}},"branchMap":{"0":{"loc":{"start":{"line":1,"column":26},"end":{"line":1,"column":35}},"type":"default-arg","locations":[{"start":{"line":1,"column":33},"end":{"line":1,"column":35}}],"line":1},"1":{"loc":{"start":{"line":1,"column":37},"end":{"line":1,"column":56}},"type":"default-arg","locations":[{"start":{"line":1,"column":47},"end":{"line":1,"column":56}}],"line":1},"2":{"loc":{"start":{"line":1,"column":58},"end":{"line":1,"column":74}},"type":"default-arg","locations":[{"start":{"line":1,"column":71},"end":{"line":1,"column":74}}],"line":1},"3":{"loc":{"start":{"line":5,"column":24},"end":{"line":5,"column":57}},"type":"default-arg","locations":[{"start":{"line":5,"column":34},"end":{"line":5,"column":57}}],"line":5},"4":{"loc":{"start":{"line":5,"column":59},"end":{"line":5,"column":75}},"type":"default-arg","locations":[{"start":{"line":5,"column":72},"end":{"line":5,"column":75}}],"line":5},"5":{"loc":{"start":{"line":5,"column":77},"end":{"line":5,"column":90}},"type":"default-arg","locations":[{"start":{"line":5,"column":86},"end":{"line":5,"column":90}}],"line":5},"6":{"loc":{"start":{"line":7,"column":2},"end":{"line":7,"column":38}},"type":"if","locations":[{"start":{"line":7,"column":2},"end":{"line":7,"column":38}},{"start":{},"end":{}}],"line":7},"7":{"loc":{"start":{"line":13,"column":18},"end":{"line":13,"column":120}},"type":"cond-expr","locations":[{"start":{"line":13,"column":37},"end":{"line":13,"column":102}},{"start":{"line":13,"column":105},"end":{"line":13,"column":120}}],"line":13}},"s":{"0":53,"1":21,"2":21,"3":1,"4":21,"5":8,"6":8,"7":8,"8":0,"9":0,"10":4},"f":{"0":53,"1":21,"2":8,"3":0},"b":{"0":[0],"1":[10],"2":[50],"3":[0],"4":[0],"5":[20],"6":[1,20],"7":[8,0]},"_coverageSchema":"1a1c01bbd47fc00a2c39e90264f33305004495a9","hash":"9b21b7f3cf1af7a5fcf81bf56ecf296d22ee1598"}
,"C:\\Users\\Abcom\\Desktop\\SRJ Global Tech\\hubnest_crm_fullstack\\server\\src\\utils\\logger.js": {"path":"C:\\Users\\Abcom\\Desktop\\SRJ Global Tech\\hubnest_crm_fullstack\\server\\src\\utils\\logger.js","statementMap":{"0":{"start":{"line":1,"column":13},"end":{"line":1,"column":28}},"1":{"start":{"line":2,"column":11},"end":{"line":2,"column":24}},"2":{"start":{"line":3,"column":16},"end":{"line":3,"column":34}},"3":{"start":{"line":5,"column":16},"end":{"line":5,"column":50}},"4":{"start":{"line":6,"column":0},"end":{"line":6,"column":72}},"5":{"start":{"line":6,"column":29},"end":{"line":6,"column":72}},"6":{"start":{"line":8,"column":63},"end":{"line":8,"column":77}},"7":{"start":{"line":10,"column":18},"end":{"line":13,"column":2}},"8":{"start":{"line":11,"column":18},"end":{"line":11,"column":76}},"9":{"start":{"line":12,"column":2},"end":{"line":12,"column":57}},"10":{"start":{"line":15,"column":15},"end":{"line":15,"column":52}},"11":{"start":{"line":17,"column":15},"end":{"line":25,"column":2}},"12":{"start":{"line":27,"column":0},"end":{"line":33,"column":1}},"13":{"start":{"line":28,"column":2},"end":{"line":32,"column":4}},"14":{"start":{"line":35,"column":0},"end":{"line":35,"column":24}}},"fnMap":{"0":{"name":"(anonymous_0)","decl":{"start":{"line":10,"column":25},"end":{"line":10,"column":26}},"loc":{"start":{"line":10,"column":69},"end":{"line":13,"column":1}},"line":10}},"branchMap":{"0":{"loc":{"start":{"line":6,"column":0},"end":{"line":6,"column":72}},"type":"if","locations":[{"start":{"line":6,"column":0},"end":{"line":6,"column":72}},{"start":{},"end":{}}],"line":6},"1":{"loc":{"start":{"line":11,"column":18},"end":{"line":11,"column":76}},"type":"cond-expr","locations":[{"start":{"line":11,"column":45},"end":{"line":11,"column":71}},{"start":{"line":11,"column":74},"end":{"line":11,"column":76}}],"line":11},"2":{"loc":{"start":{"line":18,"column":9},"end":{"line":18,"column":34}},"type":"cond-expr","locations":[{"start":{"line":18,"column":18},"end":{"line":18,"column":24}},{"start":{"line":18,"column":27},"end":{"line":18,"column":34}}],"line":18},"3":{"loc":{"start":{"line":27,"column":0},"end":{"line":33,"column":1}},"type":"if","locations":[{"start":{"line":27,"column":0},"end":{"line":33,"column":1}},{"start":{},"end":{}}],"line":27}},"s":{"0":4,"1":4,"2":4,"3":4,"4":4,"5":0,"6":4,"7":4,"8":439,"9":439,"10":4,"11":4,"12":4,"13":4,"14":4},"f":{"0":439},"b":{"0":[0,4],"1":[439,0],"2":[0,4],"3":[4,0]},"_coverageSchema":"1a1c01bbd47fc00a2c39e90264f33305004495a9","hash":"d5b18a33bed5808c8a521699e24b919c9def25a9"}
,"C:\\Users\\Abcom\\Desktop\\SRJ Global Tech\\hubnest_crm_fullstack\\server\\src\\utils\\pythonBridge.js": {"path":"C:\\Users\\Abcom\\Desktop\\SRJ Global Tech\\hubnest_crm_fullstack\\server\\src\\utils\\pythonBridge.js","statementMap":{"0":{"start":{"line":1,"column":14},"end":{"line":1,"column":30}},"1":{"start":{"line":3,"column":20},"end":{"line":3,"column":70}},"2":{"start":{"line":4,"column":27},"end":{"line":4,"column":84}},"3":{"start":{"line":5,"column":28},"end":{"line":5,"column":82}},"4":{"start":{"line":8,"column":2},"end":{"line":27,"column":3}},"5":{"start":{"line":9,"column":21},"end":{"line":22,"column":5}},"6":{"start":{"line":23,"column":4},"end":{"line":23,"column":25}},"7":{"start":{"line":25,"column":4},"end":{"line":25,"column":80}},"8":{"start":{"line":26,"column":4},"end":{"line":26,"column":16}},"9":{"start":{"line":31,"column":2},"end":{"line":45,"column":3}},"10":{"start":{"line":32,"column":21},"end":{"line":40,"column":5}},"11":{"start":{"line":41,"column":4},"end":{"line":41,"column":25}},"12":{"start":{"line":43,"column":4},"end":{"line":43,"column":81}},"13":{"start":{"line":44,"column":4},"end":{"line":44,"column":16}},"14":{"start":{"line":49,"column":2},"end":{"line":63,"column":3}},"15":{"start":{"line":50,"column":21},"end":{"line":58,"column":5}},"16":{"start":{"line":59,"column":4},"end":{"line":59,"column":25}},"17":{"start":{"line":61,"column":4},"end":{"line":61,"column":80}},"18":{"start":{"line":62,"column":4},"end":{"line":62,"column":16}},"19":{"start":{"line":67,"column":2},"end":{"line":82,"column":3}},"20":{"start":{"line":68,"column":21},"end":{"line":77,"column":5}},"21":{"start":{"line":78,"column":4},"end":{"line":78,"column":20}},"22":{"start":{"line":80,"column":4},"end":{"line":80,"column":80}},"23":{"start":{"line":81,"column":4},"end":{"line":81,"column":16}},"24":{"start":{"line":85,"column":0},"end":{"line":90,"column":2}}},"fnMap":{"0":{"name":"forwardChat","decl":{"start":{"line":7,"column":15},"end":{"line":7,"column":26}},"loc":{"start":{"line":7,"column":47},"end":{"line":28,"column":1}},"line":7},"1":{"name":"forwardReset","decl":{"start":{"line":30,"column":15},"end":{"line":30,"column":27}},"loc":{"start":{"line":30,"column":30},"end":{"line":46,"column":1}},"line":30},"2":{"name":"forwardReport","decl":{"start":{"line":48,"column":15},"end":{"line":48,"column":28}},"loc":{"start":{"line":48,"column":48},"end":{"line":64,"column":1}},"line":48},"3":{"name":"forwardExport","decl":{"start":{"line":66,"column":15},"end":{"line":66,"column":28}},"loc":{"start":{"line":66,"column":48},"end":{"line":83,"column":1}},"line":66}},"branchMap":{"0":{"loc":{"start":{"line":3,"column":20},"end":{"line":3,"column":70}},"type":"binary-expr","locations":[{"start":{"line":3,"column":20},"end":{"line":3,"column":43}},{"start":{"line":3,"column":47},"end":{"line":3,"column":70}}],"line":3},"1":{"loc":{"start":{"line":4,"column":27},"end":{"line":4,"column":84}},"type":"binary-expr","locations":[{"start":{"line":4,"column":27},"end":{"line":4,"column":57}},{"start":{"line":4,"column":61},"end":{"line":4,"column":84}}],"line":4},"2":{"loc":{"start":{"line":5,"column":28},"end":{"line":5,"column":82}},"type":"binary-expr","locations":[{"start":{"line":5,"column":28},"end":{"line":5,"column":59}},{"start":{"line":5,"column":63},"end":{"line":5,"column":82}}],"line":5}},"s":{"0":3,"1":3,"2":3,"3":3,"4":0,"5":0,"6":0,"7":0,"8":0,"9":0,"10":0,"11":0,"12":0,"13":0,"14":0,"15":0,"16":0,"17":0,"18":0,"19":0,"20":0,"21":0,"22":0,"23":0,"24":3},"f":{"0":0,"1":0,"2":0,"3":0},"b":{"0":[3,3],"1":[3,3],"2":[3,3]},"_coverageSchema":"1a1c01bbd47fc00a2c39e90264f33305004495a9","hash":"12b558c7ad6bcb791523eb459fd6ba8e6c29ee39"}
,"C:\\Users\\Abcom\\Desktop\\SRJ Global Tech\\hubnest_crm_fullstack\\server\\tests\\testHelper.js": {"path":"C:\\Users\\Abcom\\Desktop\\SRJ Global Tech\\hubnest_crm_fullstack\\server\\tests\\testHelper.js","statementMap":{"0":{"start":{"line":1,"column":15},"end":{"line":1,"column":34}},"1":{"start":{"line":2,"column":23},"end":{"line":2,"column":38}},"2":{"start":{"line":3,"column":18},"end":{"line":3,"column":51}},"3":{"start":{"line":4,"column":21},"end":{"line":4,"column":60}},"4":{"start":{"line":5,"column":14},"end":{"line":5,"column":44}},"5":{"start":{"line":7,"column":20},"end":{"line":7,"column":22}},"6":{"start":{"line":8,"column":18},"end":{"line":8,"column":20}},"7":{"start":{"line":11,"column":16},"end":{"line":18,"column":3}},"8":{"start":{"line":20,"column":2},"end":{"line":27,"column":3}},"9":{"start":{"line":21,"column":21},"end":{"line":21,"column":85}},"10":{"start":{"line":22,"column":4},"end":{"line":26,"column":5}},"11":{"start":{"line":23,"column":6},"end":{"line":23,"column":140}},"12":{"start":{"line":25,"column":6},"end":{"line":25,"column":126}},"13":{"start":{"line":31,"column":13},"end":{"line":31,"column":21}},"14":{"start":{"line":32,"column":2},"end":{"line":32,"column":125}},"15":{"start":{"line":33,"column":2},"end":{"line":33,"column":23}},"16":{"start":{"line":34,"column":2},"end":{"line":34,"column":12}},"17":{"start":{"line":38,"column":13},"end":{"line":38,"column":21}},"18":{"start":{"line":39,"column":21},"end":{"line":39,"column":97}},"19":{"start":{"line":40,"column":2},"end":{"line":42,"column":3}},"20":{"start":{"line":41,"column":4},"end":{"line":41,"column":50}},"21":{"start":{"line":43,"column":17},"end":{"line":43,"column":38}},"22":{"start":{"line":44,"column":22},"end":{"line":44,"column":52}},"23":{"start":{"line":46,"column":23},"end":{"line":46,"column":54}},"24":{"start":{"line":47,"column":19},"end":{"line":47,"column":62}},"25":{"start":{"line":49,"column":2},"end":{"line":53,"column":4}},"26":{"start":{"line":55,"column":15},"end":{"line":64,"column":3}},"27":{"start":{"line":65,"column":2},"end":{"line":65,"column":21}},"28":{"start":{"line":66,"column":2},"end":{"line":66,"column":14}},"29":{"start":{"line":70,"column":23},"end":{"line":77,"column":3}},"30":{"start":{"line":78,"column":2},"end":{"line":78,"column":56}},"31":{"start":{"line":83,"column":2},"end":{"line":86,"column":3}},"32":{"start":{"line":84,"column":4},"end":{"line":84,"column":69}},"33":{"start":{"line":85,"column":4},"end":{"line":85,"column":25}},"34":{"start":{"line":89,"column":2},"end":{"line":92,"column":3}},"35":{"start":{"line":90,"column":4},"end":{"line":90,"column":73}},"36":{"start":{"line":91,"column":4},"end":{"line":91,"column":27}},"37":{"start":{"line":95,"column":0},"end":{"line":102,"column":2}}},"fnMap":{"0":{"name":"ensureRoles","decl":{"start":{"line":10,"column":15},"end":{"line":10,"column":26}},"loc":{"start":{"line":10,"column":29},"end":{"line":28,"column":1}},"line":10},"1":{"name":"createTestTenant","decl":{"start":{"line":30,"column":15},"end":{"line":30,"column":31}},"loc":{"start":{"line":30,"column":50},"end":{"line":35,"column":1}},"line":30},"2":{"name":"createTestUser","decl":{"start":{"line":37,"column":15},"end":{"line":37,"column":29}},"loc":{"start":{"line":37,"column":118},"end":{"line":67,"column":1}},"line":37},"3":{"name":"generateTokenForUser","decl":{"start":{"line":69,"column":9},"end":{"line":69,"column":29}},"loc":{"start":{"line":69,"column":36},"end":{"line":79,"column":1}},"line":69},"4":{"name":"cleanup","decl":{"start":{"line":81,"column":15},"end":{"line":81,"column":22}},"loc":{"start":{"line":81,"column":25},"end":{"line":93,"column":1}},"line":81}},"branchMap":{"0":{"loc":{"start":{"line":22,"column":4},"end":{"line":26,"column":5}},"type":"if","locations":[{"start":{"line":22,"column":4},"end":{"line":26,"column":5}},{"start":{"line":24,"column":11},"end":{"line":26,"column":5}}],"line":22},"1":{"loc":{"start":{"line":37,"column":72},"end":{"line":37,"column":97}},"type":"default-arg","locations":[{"start":{"line":37,"column":83},"end":{"line":37,"column":97}}],"line":37},"2":{"loc":{"start":{"line":37,"column":99},"end":{"line":37,"column":116}},"type":"default-arg","locations":[{"start":{"line":37,"column":108},"end":{"line":37,"column":116}}],"line":37},"3":{"loc":{"start":{"line":40,"column":2},"end":{"line":42,"column":3}},"type":"if","locations":[{"start":{"line":40,"column":2},"end":{"line":42,"column":3}},{"start":{},"end":{}}],"line":40},"4":{"loc":{"start":{"line":47,"column":19},"end":{"line":47,"column":62}},"type":"cond-expr","locations":[{"start":{"line":47,"column":42},"end":{"line":47,"column":53}},{"start":{"line":47,"column":56},"end":{"line":47,"column":62}}],"line":47},"5":{"loc":{"start":{"line":83,"column":2},"end":{"line":86,"column":3}},"type":"if","locations":[{"start":{"line":83,"column":2},"end":{"line":86,"column":3}},{"start":{},"end":{}}],"line":83},"6":{"loc":{"start":{"line":89,"column":2},"end":{"line":92,"column":3}},"type":"if","locations":[{"start":{"line":89,"column":2},"end":{"line":92,"column":3}},{"start":{},"end":{}}],"line":89}},"s":{"0":4,"1":4,"2":4,"3":4,"4":4,"5":4,"6":4,"7":4,"8":4,"9":24,"10":24,"11":0,"12":24,"13":5,"14":5,"15":5,"16":5,"17":19,"18":19,"19":19,"20":0,"21":19,"22":19,"23":19,"24":19,"25":19,"26":19,"27":19,"28":19,"29":16,"30":16,"31":4,"32":4,"33":4,"34":4,"35":4,"36":4,"37":4},"f":{"0":4,"1":5,"2":19,"3":16,"4":4},"b":{"0":[0,24],"1":[17],"2":[17],"3":[0,19],"4":[0,19],"5":[4,0],"6":[4,0]},"_coverageSchema":"1a1c01bbd47fc00a2c39e90264f33305004495a9","hash":"48da01d5074e46bf4ea44e76ba619edee9c4f29a"}
}
