TN:
SF:src\app.js
FN:48,(anonymous_0)
FN:53,(anonymous_1)
FN:73,(anonymous_2)
FN:79,(anonymous_3)
FNF:4
FNH:2
FNDA:78,(anonymous_0)
FNDA:0,(anonymous_1)
FNDA:0,(anonymous_2)
FNDA:12,(anonymous_3)
DA:1,4
DA:3,4
DA:4,4
DA:5,4
DA:6,4
DA:7,4
DA:8,4
DA:9,4
DA:11,4
DA:12,4
DA:13,4
DA:14,4
DA:15,4
DA:16,4
DA:17,4
DA:18,4
DA:20,4
DA:21,4
DA:22,4
DA:23,4
DA:25,4
DA:28,4
DA:29,4
DA:32,4
DA:42,4
DA:43,4
DA:46,4
DA:48,78
DA:53,4
DA:54,0
DA:58,4
DA:59,4
DA:60,4
DA:61,4
DA:62,4
DA:63,4
DA:64,4
DA:65,4
DA:67,4
DA:68,4
DA:69,4
DA:70,4
DA:73,4
DA:74,0
DA:79,4
DA:80,12
DA:84,12
DA:86,12
DA:94,12
DA:97,4
LF:50
LH:48
BRDA:80,0,0,12
BRDA:80,0,1,0
BRDA:84,1,0,12
BRDA:84,1,1,0
BRDA:89,2,0,0
BRDA:89,2,1,12
BRF:6
BRH:3
end_of_record
TN:
SF:src\config\database.js
FN:14,(anonymous_0)
FN:19,getClient
FN:23,query
FN:35,tenantQuery
FN:45,runMigrations
FN:47,(anonymous_5)
FNF:6
FNH:1
FNDA:0,(anonymous_0)
FNDA:0,getClient
FNDA:290,query
FNDA:0,tenantQuery
FNDA:0,runMigrations
FNDA:0,(anonymous_5)
DA:1,4
DA:2,4
DA:3,4
DA:4,4
DA:5,4
DA:7,4
DA:14,4
DA:15,0
DA:16,0
DA:20,0
DA:24,290
DA:25,290
DA:26,290
DA:27,288
DA:28,288
DA:30,2
DA:31,2
DA:36,0
DA:37,0
DA:38,0
DA:39,0
DA:41,0
DA:46,0
DA:47,0
DA:49,0
DA:51,0
DA:52,0
DA:53,0
DA:54,0
DA:55,0
DA:57,0
DA:58,0
DA:62,0
DA:65,4
LF:34
LH:15
BRF:0
BRH:0
end_of_record
TN:
SF:src\config\env.js
FNF:0
FNH:0
DA:1,4
DA:3,4
DA:5,4
DA:6,16
DA:7,0
DA:11,4
LF:6
LH:5
BRDA:6,0,0,0
BRDA:6,0,1,16
BRDA:12,1,0,4
BRDA:12,1,1,0
BRDA:17,2,0,4
BRDA:17,2,1,0
BRDA:18,3,0,4
BRDA:18,3,1,0
BRDA:20,4,0,4
BRDA:20,4,1,0
BRDA:21,5,0,4
BRDA:21,5,1,0
BRDA:25,6,0,4
BRDA:25,6,1,0
BRDA:26,7,0,4
BRDA:26,7,1,0
BRDA:27,8,0,4
BRDA:27,8,1,0
BRF:18
BRH:9
end_of_record
TN:
SF:src\config\redis.js
FN:6,(anonymous_0)
FN:12,(anonymous_1)
FN:13,(anonymous_2)
FN:14,(anonymous_3)
FN:15,(anonymous_4)
FN:16,(anonymous_5)
FNF:6
FNH:2
FNDA:0,(anonymous_0)
FNDA:4,(anonymous_1)
FNDA:4,(anonymous_2)
FNDA:0,(anonymous_3)
FNDA:0,(anonymous_4)
FNDA:0,(anonymous_5)
DA:1,4
DA:2,4
DA:3,4
DA:5,4
DA:6,0
DA:12,4
DA:13,4
DA:14,4
DA:15,4
DA:16,4
DA:18,4
LF:11
LH:10
BRF:0
BRH:0
end_of_record
TN:
SF:src\middleware\auth.js
FN:6,authenticate
FNF:1
FNH:1
FNDA:49,authenticate
DA:1,4
DA:2,4
DA:3,4
DA:4,4
DA:7,49
DA:9,49
DA:10,1
DA:13,48
DA:15,48
DA:16,48
DA:17,48
DA:19,48
DA:20,0
DA:23,48
DA:24,0
DA:27,48
DA:28,48
DA:30,0
DA:31,0
DA:33,0
DA:34,0
DA:36,0
DA:37,0
DA:41,4
LF:24
LH:16
BRDA:9,0,0,1
BRDA:9,0,1,48
BRDA:9,1,0,49
BRDA:9,1,1,48
BRDA:19,2,0,0
BRDA:19,2,1,48
BRDA:23,3,0,0
BRDA:23,3,1,48
BRDA:30,4,0,0
BRDA:30,4,1,0
BRDA:33,5,0,0
BRDA:33,5,1,0
BRF:12
BRH:6
end_of_record
TN:
SF:src\middleware\rateLimiter.js
FN:21,makeRateLimitMiddleware
FN:22,(anonymous_1)
FNF:2
FNH:2
FNDA:12,makeRateLimitMiddleware
FNDA:25,(anonymous_1)
DA:1,4
DA:2,4
DA:3,4
DA:5,4
DA:13,4
DA:22,12
DA:23,25
DA:24,25
DA:26,0
DA:27,0
DA:28,0
DA:30,0
DA:31,0
DA:32,0
DA:37,4
DA:42,4
DA:47,4
DA:55,4
DA:60,4
LF:19
LH:13
BRDA:23,0,0,25
BRDA:23,0,1,0
BRDA:30,1,0,0
BRDA:30,1,1,0
BRF:4
BRH:1
end_of_record
TN:
SF:src\middleware\rbac.js
FN:8,authorize
FN:9,(anonymous_1)
FN:48,authorizeSalesManager
FN:60,authorizeSupport
FN:72,authorizeSuperAdmin
FNF:5
FNH:3
FNDA:116,authorize
FNDA:14,(anonymous_1)
FNDA:0,authorizeSalesManager
FNDA:0,authorizeSupport
FNDA:11,authorizeSuperAdmin
DA:1,4
DA:9,116
DA:10,14
DA:11,0
DA:15,14
DA:16,0
DA:20,14
DA:21,0
DA:22,0
DA:26,14
DA:27,7
DA:28,6
DA:32,8
DA:33,8
DA:34,1
DA:41,7
DA:49,0
DA:50,0
DA:51,0
DA:52,0
DA:54,0
DA:61,0
DA:62,0
DA:63,0
DA:64,0
DA:66,0
DA:73,11
DA:74,11
DA:75,2
DA:77,9
DA:80,4
LF:31
LH:17
BRDA:10,0,0,0
BRDA:10,0,1,14
BRDA:15,1,0,0
BRDA:15,1,1,14
BRDA:20,2,0,0
BRDA:20,2,1,14
BRDA:22,3,0,0
BRDA:22,3,1,0
BRDA:26,4,0,7
BRDA:26,4,1,7
BRDA:27,5,0,6
BRDA:27,5,1,1
BRDA:27,6,0,7
BRDA:27,6,1,6
BRDA:33,7,0,1
BRDA:33,7,1,7
BRDA:33,8,0,8
BRDA:33,8,1,8
BRDA:33,8,2,7
BRDA:49,9,0,0
BRDA:49,9,1,0
BRDA:51,10,0,0
BRDA:51,10,1,0
BRDA:61,11,0,0
BRDA:61,11,1,0
BRDA:63,12,0,0
BRDA:63,12,1,0
BRDA:73,13,0,0
BRDA:73,13,1,11
BRDA:74,14,0,2
BRDA:74,14,1,9
BRF:31
BRH:17
end_of_record
TN:
SF:src\middleware\scopeGuard.js
FN:9,scopeGuard
FNF:1
FNH:1
FNDA:7,scopeGuard
DA:1,4
DA:10,7
DA:11,0
DA:15,7
DA:16,7
DA:18,0
DA:21,7
DA:24,4
LF:8
LH:6
BRDA:10,0,0,0
BRDA:10,0,1,7
BRDA:15,1,0,7
BRDA:15,1,1,0
BRF:4
BRH:2
end_of_record
TN:
SF:src\models\userModel.js
FN:3,findByEmailOrAdminId
FN:19,findById
FN:34,findByEmail
FN:49,updatePassword
FN:56,updateStatus
FN:63,checkEmailExists
FNF:6
FNH:3
FNDA:10,findByEmailOrAdminId
FNDA:53,findById
FNDA:0,findByEmail
FNDA:0,updatePassword
FNDA:0,updateStatus
FNDA:9,checkEmailExists
DA:1,4
DA:4,10
DA:16,10
DA:20,53
DA:31,53
DA:35,0
DA:46,0
DA:50,0
DA:57,0
DA:64,9
DA:68,9
DA:71,4
LF:12
LH:8
BRDA:16,0,0,10
BRDA:16,0,1,0
BRDA:31,1,0,53
BRDA:31,1,1,0
BRDA:46,2,0,0
BRDA:46,2,1,0
BRF:6
BRH:2
end_of_record
TN:
SF:src\modules\admin\admin.routes.js
FN:10,(anonymous_0)
FN:18,(anonymous_1)
FN:50,(anonymous_2)
FN:66,(anonymous_3)
FN:71,(anonymous_4)
FNF:5
FNH:5
FNDA:10,(anonymous_0)
FNDA:1,(anonymous_1)
FNDA:1,(anonymous_2)
FNDA:1,(anonymous_3)
FNDA:1,(anonymous_4)
DA:1,4
DA:2,4
DA:3,4
DA:4,4
DA:5,4
DA:6,4
DA:9,4
DA:10,4
DA:11,10
DA:12,2
DA:14,8
DA:18,4
DA:19,1
DA:20,1
DA:21,1
DA:24,1
DA:25,1
DA:26,1
DA:27,0
DA:29,1
DA:32,1
DA:39,0
DA:44,4
DA:47,4
DA:50,4
DA:51,1
DA:52,1
DA:53,1
DA:54,1
DA:55,1
DA:56,0
DA:58,1
DA:59,1
DA:61,0
DA:66,4
DA:67,1
DA:71,4
DA:72,1
DA:75,4
LF:39
LH:35
BRDA:11,0,0,2
BRDA:11,0,1,8
BRDA:55,1,0,0
BRDA:55,1,1,1
BRF:4
BRH:3
end_of_record
TN:
SF:src\modules\ai\ai.routes.js
FN:7,(anonymous_0)
FN:25,(anonymous_1)
FNF:2
FNH:1
FNDA:1,(anonymous_0)
FNDA:0,(anonymous_1)
DA:1,4
DA:2,4
DA:3,4
DA:4,4
DA:5,4
DA:7,4
DA:8,1
DA:9,1
DA:10,1
DA:12,1
DA:13,0
DA:16,1
DA:17,1
DA:19,0
DA:20,0
DA:21,0
DA:25,4
DA:26,0
DA:27,0
DA:28,0
DA:30,0
DA:31,0
DA:32,0
DA:36,4
LF:24
LH:14
BRDA:10,0,0,1
BRDA:10,0,1,0
BRDA:10,0,2,0
BRDA:12,1,0,0
BRDA:12,1,1,1
BRDA:12,2,0,1
BRDA:12,2,1,1
BRDA:19,3,0,0
BRDA:19,3,1,0
BRDA:20,4,0,0
BRDA:20,4,1,0
BRDA:20,4,2,0
BRDA:30,5,0,0
BRDA:30,5,1,0
BRDA:31,6,0,0
BRDA:31,6,1,0
BRDA:31,6,2,0
BRF:17
BRH:4
end_of_record
TN:
SF:src\modules\auth\auth.controller.js
FN:10,validate
FN:19,login
FN:27,verifyOtp
FN:34,refresh
FN:41,logout
FN:47,forgotPassword
FN:54,resetPassword
FN:61,resendOtp
FN:68,sendCredentials
FN:77,createTenant
FN:167,resetTenantAdmin
FN:214,blockTenantAdmin
FN:239,deleteTenantAdmin
FN:260,getTenantAdmins
FN:270,(anonymous_14)
FN:281,(anonymous_15)
FN:290,createUser
FN:359,getUsers
FN:371,(anonymous_18)
FN:380,(anonymous_19)
FN:390,(anonymous_20)
FN:406,deleteUser
FN:424,toggleBlockUser
FN:448,resetUserPassword
FN:477,checkEmail
FNF:25
FNH:15
FNDA:26,validate
FNDA:11,login
FNDA:12,verifyOtp
FNDA:3,refresh
FNDA:1,logout
FNDA:0,forgotPassword
FNDA:0,resetPassword
FNDA:0,resendOtp
FNDA:0,sendCredentials
FNDA:4,createTenant
FNDA:0,resetTenantAdmin
FNDA:0,blockTenantAdmin
FNDA:0,deleteTenantAdmin
FNDA:1,getTenantAdmins
FNDA:8,(anonymous_14)
FNDA:15,(anonymous_15)
FNDA:2,createUser
FNDA:2,getUsers
FNDA:14,(anonymous_18)
FNDA:14,(anonymous_19)
FNDA:25,(anonymous_20)
FNDA:0,deleteUser
FNDA:0,toggleBlockUser
FNDA:0,resetUserPassword
FNDA:2,checkEmail
DA:1,4
DA:2,4
DA:3,4
DA:4,4
DA:5,4
DA:6,4
DA:7,4
DA:8,4
DA:11,26
DA:12,26
DA:13,1
DA:14,1
DA:16,25
DA:20,11
DA:21,10
DA:22,10
DA:23,10
DA:24,8
DA:28,12
DA:29,12
DA:30,12
DA:31,4
DA:35,3
DA:36,3
DA:37,3
DA:38,1
DA:42,1
DA:43,1
DA:44,1
DA:48,0
DA:49,0
DA:50,0
DA:51,0
DA:55,0
DA:56,0
DA:57,0
DA:58,0
DA:62,0
DA:63,0
DA:64,0
DA:65,0
DA:69,0
DA:70,0
DA:71,0
DA:73,0
DA:74,0
DA:78,4
DA:80,4
DA:81,0
DA:85,4
DA:86,4
DA:88,4
DA:90,4
DA:91,4
DA:92,1
DA:96,3
DA:97,3
DA:98,0
DA:102,3
DA:108,3
DA:111,3
DA:113,3
DA:114,0
DA:121,0
DA:127,0
DA:129,3
DA:133,3
DA:134,3
DA:135,3
DA:150,3
DA:151,3
DA:152,0
DA:153,0
DA:155,0
DA:156,0
DA:160,3
DA:162,0
DA:163,0
DA:168,0
DA:170,0
DA:171,0
DA:174,0
DA:176,0
DA:177,0
DA:178,0
DA:180,0
DA:181,0
DA:184,0
DA:185,0
DA:188,0
DA:191,0
DA:199,0
DA:200,0
DA:201,0
DA:203,0
DA:204,0
DA:207,0
DA:209,0
DA:210,0
DA:215,0
DA:216,0
DA:217,0
DA:219,0
DA:220,0
DA:221,0
DA:222,0
DA:223,0
DA:225,0
DA:226,0
DA:228,0
DA:229,0
DA:230,0
DA:232,0
DA:234,0
DA:235,0
DA:240,0
DA:241,0
DA:242,0
DA:244,0
DA:245,0
DA:246,0
DA:247,0
DA:249,0
DA:251,0
DA:253,0
DA:255,0
DA:256,0
DA:261,1
DA:262,1
DA:270,8
DA:281,15
DA:283,1
DA:285,0
DA:286,0
DA:291,2
DA:292,2
DA:294,2
DA:295,0
DA:298,2
DA:300,2
DA:301,2
DA:302,1
DA:306,1
DA:307,1
DA:308,0
DA:312,1
DA:314,1
DA:315,0
DA:321,0
DA:327,0
DA:329,1
DA:333,1
DA:334,1
DA:339,1
DA:342,1
DA:343,0
DA:344,0
DA:345,0
DA:346,0
DA:348,0
DA:352,1
DA:354,0
DA:355,0
DA:360,2
DA:361,2
DA:362,2
DA:371,2
DA:372,14
DA:373,10
DA:374,2
DA:375,0
DA:376,0
DA:377,0
DA:380,14
DA:390,25
DA:399,2
DA:401,0
DA:402,0
DA:407,0
DA:408,0
DA:410,0
DA:411,0
DA:412,0
DA:413,0
DA:416,0
DA:417,0
DA:419,0
DA:420,0
DA:425,0
DA:426,0
DA:428,0
DA:429,0
DA:432,0
DA:434,0
DA:435,0
DA:436,0
DA:437,0
DA:440,0
DA:441,0
DA:443,0
DA:444,0
DA:449,0
DA:450,0
DA:452,0
DA:453,0
DA:454,0
DA:455,0
DA:457,0
DA:459,0
DA:460,0
DA:462,0
DA:463,0
DA:465,0
DA:466,0
DA:468,0
DA:470,0
DA:472,0
DA:473,0
DA:478,2
DA:479,2
DA:480,0
DA:482,2
DA:483,2
DA:484,2
DA:486,0
DA:487,0
DA:491,4
LF:227
LH:88
BRDA:12,0,0,1
BRDA:12,0,1,25
BRDA:20,1,0,1
BRDA:20,1,1,10
BRDA:28,2,0,0
BRDA:28,2,1,12
BRDA:35,3,0,0
BRDA:35,3,1,3
BRDA:48,4,0,0
BRDA:48,4,1,0
BRDA:55,5,0,0
BRDA:55,5,1,0
BRDA:62,6,0,0
BRDA:62,6,1,0
BRDA:70,7,0,0
BRDA:70,7,1,0
BRDA:70,8,0,0
BRDA:70,8,1,0
BRDA:70,8,2,0
BRDA:70,8,3,0
BRDA:70,8,4,0
BRDA:73,9,0,0
BRDA:73,9,1,0
BRDA:80,10,0,0
BRDA:80,10,1,4
BRDA:80,11,0,4
BRDA:80,11,1,4
BRDA:80,11,2,4
BRDA:80,11,3,4
BRDA:80,11,4,4
BRDA:91,12,0,1
BRDA:91,12,1,3
BRDA:97,13,0,0
BRDA:97,13,1,3
BRDA:113,14,0,0
BRDA:113,14,1,3
BRDA:134,15,0,0
BRDA:134,15,1,3
BRDA:134,16,0,0
BRDA:134,16,1,3
BRDA:151,17,0,0
BRDA:151,17,1,3
BRDA:163,18,0,0
BRDA:163,18,1,0
BRDA:170,19,0,0
BRDA:170,19,1,0
BRDA:170,20,0,0
BRDA:170,20,1,0
BRDA:170,20,2,0
BRDA:170,20,3,0
BRDA:177,21,0,0
BRDA:177,21,1,0
BRDA:185,22,0,0
BRDA:185,22,1,0
BRDA:210,23,0,0
BRDA:210,23,1,0
BRDA:216,24,0,0
BRDA:216,24,1,0
BRDA:216,25,0,0
BRDA:216,25,1,0
BRDA:219,26,0,0
BRDA:219,26,1,0
BRDA:219,27,0,0
BRDA:219,27,1,0
BRDA:222,28,0,0
BRDA:222,28,1,0
BRDA:229,29,0,0
BRDA:229,29,1,0
BRDA:229,30,0,0
BRDA:229,30,1,0
BRDA:235,31,0,0
BRDA:235,31,1,0
BRDA:241,32,0,0
BRDA:241,32,1,0
BRDA:246,33,0,0
BRDA:246,33,1,0
BRDA:256,34,0,0
BRDA:256,34,1,0
BRDA:278,35,0,0
BRDA:278,35,1,8
BRDA:281,36,0,8
BRDA:281,36,1,0
BRDA:286,37,0,0
BRDA:286,37,1,0
BRDA:294,38,0,0
BRDA:294,38,1,2
BRDA:294,39,0,2
BRDA:294,39,1,2
BRDA:294,39,2,2
BRDA:294,39,3,2
BRDA:301,40,0,1
BRDA:301,40,1,1
BRDA:307,41,0,0
BRDA:307,41,1,1
BRDA:314,42,0,0
BRDA:314,42,1,1
BRDA:333,43,0,1
BRDA:333,43,1,0
BRDA:342,44,0,0
BRDA:342,44,1,1
BRDA:345,45,0,0
BRDA:345,45,1,0
BRDA:346,46,0,0
BRDA:346,46,1,0
BRDA:355,47,0,0
BRDA:355,47,1,0
BRDA:372,48,0,4
BRDA:372,48,1,10
BRDA:373,49,0,8
BRDA:373,49,1,2
BRDA:374,50,0,2
BRDA:374,50,1,0
BRDA:375,51,0,0
BRDA:375,51,1,0
BRDA:376,52,0,0
BRDA:376,52,1,0
BRDA:384,53,0,14
BRDA:384,53,1,0
BRDA:387,54,0,0
BRDA:387,54,1,14
BRDA:390,55,0,14
BRDA:390,55,1,0
BRDA:402,56,0,0
BRDA:402,56,1,0
BRDA:412,57,0,0
BRDA:412,57,1,0
BRDA:420,58,0,0
BRDA:420,58,1,0
BRDA:428,59,0,0
BRDA:428,59,1,0
BRDA:428,60,0,0
BRDA:428,60,1,0
BRDA:432,61,0,0
BRDA:432,61,1,0
BRDA:432,62,0,0
BRDA:432,62,1,0
BRDA:436,63,0,0
BRDA:436,63,1,0
BRDA:444,64,0,0
BRDA:444,64,1,0
BRDA:454,65,0,0
BRDA:454,65,1,0
BRDA:466,66,0,0
BRDA:466,66,1,0
BRDA:473,67,0,0
BRDA:473,67,1,0
BRDA:479,68,0,0
BRDA:479,68,1,2
BRDA:487,69,0,0
BRDA:487,69,1,0
BRF:150
BRH:41
end_of_record
TN:
SF:src\modules\auth\auth.routes.js
FNF:0
FNH:0
DA:1,4
DA:2,4
DA:3,4
DA:11,4
DA:12,4
DA:14,4
DA:15,4
DA:17,4
DA:18,4
DA:19,4
DA:20,4
DA:21,4
DA:22,4
DA:23,4
DA:24,4
DA:26,4
DA:27,4
DA:28,4
DA:29,4
DA:30,4
DA:31,4
DA:34,4
DA:35,4
DA:36,4
DA:37,4
DA:38,4
DA:40,4
LF:27
LH:27
BRF:0
BRH:0
end_of_record
TN:
SF:src\modules\auth\auth.service.js
FN:24,login
FN:69,verifyOtp
FN:109,resendOtp
FN:142,refreshAccessToken
FN:172,logout
FN:179,forgotPassword
FN:208,resetPassword
FNF:7
FNH:4
FNDA:10,login
FNDA:12,verifyOtp
FNDA:0,resendOtp
FNDA:3,refreshAccessToken
FNDA:1,logout
FNDA:0,forgotPassword
FNDA:0,resetPassword
DA:1,4
DA:2,4
DA:3,4
DA:4,4
DA:5,4
DA:6,4
DA:7,4
DA:8,4
DA:10,4
DA:12,4
DA:25,10
DA:27,10
DA:28,0
DA:31,10
DA:32,1
DA:35,9
DA:36,0
DA:39,9
DA:40,9
DA:41,1
DA:44,8
DA:48,8
DA:49,8
DA:52,8
DA:53,8
DA:54,8
DA:56,0
DA:57,0
DA:60,8
DA:70,12
DA:72,4
DA:73,4
DA:74,0
DA:77,4
DA:86,4
DA:87,4
DA:89,4
DA:90,4
DA:92,4
DA:94,4
DA:110,0
DA:111,0
DA:112,0
DA:115,0
DA:116,0
DA:119,0
DA:121,0
DA:122,0
DA:125,0
DA:126,0
DA:127,0
DA:129,0
DA:130,0
DA:133,0
DA:144,3
DA:145,3
DA:147,1
DA:150,2
DA:151,2
DA:152,1
DA:155,1
DA:156,1
DA:157,0
DA:160,1
DA:169,1
DA:173,1
DA:174,1
DA:176,1
DA:180,0
DA:183,0
DA:184,0
DA:187,0
DA:189,0
DA:190,0
DA:193,0
DA:194,0
DA:196,0
DA:197,0
DA:200,0
DA:202,0
DA:209,0
DA:210,0
DA:211,0
DA:214,0
DA:216,0
DA:217,0
DA:218,0
DA:219,0
DA:221,0
DA:223,0
DA:226,4
LF:91
LH:49
BRDA:27,0,0,0
BRDA:27,0,1,10
BRDA:31,1,0,1
BRDA:31,1,1,9
BRDA:35,2,0,0
BRDA:35,2,1,9
BRDA:40,3,0,1
BRDA:40,3,1,8
BRDA:48,4,0,8
BRDA:48,4,1,0
BRDA:56,5,0,0
BRDA:56,5,1,0
BRDA:63,6,0,8
BRDA:63,6,1,0
BRDA:73,7,0,0
BRDA:73,7,1,4
BRDA:111,8,0,0
BRDA:111,8,1,0
BRDA:115,9,0,0
BRDA:115,9,1,0
BRDA:121,10,0,0
BRDA:121,10,1,0
BRDA:129,11,0,0
BRDA:129,11,1,0
BRDA:136,12,0,0
BRDA:136,12,1,0
BRDA:151,13,0,1
BRDA:151,13,1,1
BRDA:156,14,0,0
BRDA:156,14,1,1
BRDA:156,15,0,1
BRDA:156,15,1,1
BRDA:173,16,0,1
BRDA:173,16,1,0
BRDA:183,17,0,0
BRDA:183,17,1,0
BRDA:183,18,0,0
BRDA:183,18,1,0
BRDA:189,19,0,0
BRDA:189,19,1,0
BRDA:196,20,0,0
BRDA:196,20,1,0
BRDA:210,21,0,0
BRDA:210,21,1,0
BRF:44
BRH:15
end_of_record
TN:
SF:src\modules\auth\auth.validator.js
FNF:0
FNH:0
DA:1,4
DA:3,4
DA:12,4
DA:24,4
DA:30,4
DA:38,4
DA:56,4
DA:63,4
LF:8
LH:8
BRF:0
BRH:0
end_of_record
TN:
SF:src\modules\marketing\marketing.controller.js
FN:4,createCampaign
FN:9,listCampaigns
FN:15,getCampaign
FN:21,updateCampaign
FN:27,deleteCampaign
FN:33,listLeads
FN:39,updateLead
FN:45,bulkAssignLeads
FN:54,getDashboardAnalytics
FN:59,getROIData
FNF:10
FNH:5
FNDA:1,createCampaign
FNDA:2,listCampaigns
FNDA:0,getCampaign
FNDA:1,updateCampaign
FNDA:0,deleteCampaign
FNDA:1,listLeads
FNDA:0,updateLead
FNDA:0,bulkAssignLeads
FNDA:2,getDashboardAnalytics
FNDA:0,getROIData
DA:1,4
DA:2,4
DA:5,1
DA:6,1
DA:10,2
DA:11,2
DA:12,2
DA:16,0
DA:17,0
DA:18,0
DA:22,1
DA:23,1
DA:24,1
DA:28,0
DA:29,0
DA:30,0
DA:34,1
DA:35,1
DA:36,1
DA:40,0
DA:41,0
DA:42,0
DA:46,0
DA:47,0
DA:48,0
DA:50,0
DA:51,0
DA:55,2
DA:56,2
DA:60,0
DA:61,0
DA:64,4
LF:32
LH:16
BRDA:17,0,0,0
BRDA:17,0,1,0
BRDA:23,1,0,0
BRDA:23,1,1,1
BRDA:29,2,0,0
BRDA:29,2,1,0
BRDA:41,3,0,0
BRDA:41,3,1,0
BRDA:47,4,0,0
BRDA:47,4,1,0
BRDA:47,5,0,0
BRDA:47,5,1,0
BRDA:47,5,2,0
BRF:13
BRH:1
end_of_record
TN:
SF:src\modules\marketing\marketing.leads.routes.js
FNF:0
FNH:0
DA:1,4
DA:2,4
DA:3,4
DA:4,4
DA:5,4
DA:7,4
DA:10,4
DA:11,4
DA:12,4
DA:15,4
DA:16,4
DA:18,4
LF:12
LH:12
BRF:0
BRH:0
end_of_record
TN:
SF:src\modules\marketing\marketing.routes.js
FNF:0
FNH:0
DA:1,4
DA:2,4
DA:3,4
DA:4,4
DA:5,4
DA:7,4
DA:10,4
DA:11,4
DA:12,4
DA:13,4
DA:14,4
DA:16,4
LF:12
LH:12
BRF:0
BRH:0
end_of_record
TN:
SF:src\modules\marketing\marketing.service.js
FN:3,listCampaigns
FN:13,getCampaignById
FN:26,createCampaign
FN:40,updateCampaign
FN:44,(anonymous_4)
FN:61,deleteCampaign
FN:69,listLeads
FN:84,updateLead
FN:102,bulkAssignLeads
FN:111,getDashboardAnalytics
FN:128,getROIData
FNF:11
FNH:6
FNDA:2,listCampaigns
FNDA:0,getCampaignById
FNDA:1,createCampaign
FNDA:1,updateCampaign
FNDA:10,(anonymous_4)
FNDA:0,deleteCampaign
FNDA:1,listLeads
FNDA:0,updateLead
FNDA:0,bulkAssignLeads
FNDA:2,getDashboardAnalytics
FNDA:0,getROIData
DA:1,4
DA:4,2
DA:5,2
DA:6,2
DA:7,2
DA:8,2
DA:9,2
DA:10,2
DA:14,0
DA:23,0
DA:27,1
DA:28,1
DA:37,1
DA:41,1
DA:42,1
DA:43,1
DA:44,1
DA:45,10
DA:46,1
DA:47,1
DA:50,1
DA:51,1
DA:52,1
DA:58,1
DA:62,0
DA:66,0
DA:70,1
DA:74,1
DA:75,1
DA:76,1
DA:77,1
DA:78,1
DA:79,1
DA:80,1
DA:81,1
DA:85,0
DA:86,0
DA:87,0
DA:88,0
DA:89,0
DA:90,0
DA:91,0
DA:92,0
DA:93,0
DA:99,0
DA:103,0
DA:108,0
DA:112,2
DA:125,2
DA:129,0
DA:140,0
DA:143,4
LF:52
LH:34
BRDA:3,0,0,0
BRDA:6,1,0,0
BRDA:6,1,1,2
BRDA:7,2,0,0
BRDA:7,2,1,2
BRDA:23,3,0,0
BRDA:23,3,1,0
BRDA:33,4,0,1
BRDA:33,4,1,1
BRDA:33,5,0,1
BRDA:33,5,1,1
BRDA:34,6,0,1
BRDA:34,6,1,1
BRDA:34,7,0,1
BRDA:34,7,1,1
BRDA:34,8,0,1
BRDA:34,8,1,1
BRDA:35,9,0,1
BRDA:35,9,1,1
BRDA:35,10,0,1
BRDA:35,10,1,1
BRDA:45,11,0,1
BRDA:45,11,1,9
BRDA:46,12,0,0
BRDA:46,12,1,1
BRDA:50,13,0,0
BRDA:50,13,1,1
BRDA:58,14,0,1
BRDA:58,14,1,0
BRDA:69,15,0,0
BRDA:75,16,0,0
BRDA:75,16,1,1
BRDA:76,17,0,0
BRDA:76,17,1,1
BRDA:77,18,0,0
BRDA:77,18,1,1
BRDA:78,19,0,0
BRDA:78,19,1,1
BRDA:88,20,0,0
BRDA:88,20,1,0
BRDA:89,21,0,0
BRDA:89,21,1,0
BRDA:90,22,0,0
BRDA:90,22,1,0
BRDA:91,23,0,0
BRDA:91,23,1,0
BRDA:99,24,0,0
BRDA:99,24,1,0
BRF:48
BRH:25
end_of_record
TN:
SF:src\modules\marketing\marketingAlias.routes.js
FNF:0
FNH:0
DA:1,4
DA:2,4
DA:3,4
DA:4,4
DA:5,4
DA:7,4
DA:10,4
DA:13,4
DA:16,4
DA:19,4
DA:22,4
DA:25,4
DA:27,4
LF:13
LH:13
BRF:0
BRH:0
end_of_record
TN:
SF:src\modules\reports\reports.routes.js
FN:8,(anonymous_0)
FN:36,(anonymous_1)
FNF:2
FNH:1
FNDA:1,(anonymous_0)
FNDA:0,(anonymous_1)
DA:1,4
DA:2,4
DA:3,4
DA:4,4
DA:5,4
DA:8,4
DA:9,1
DA:10,1
DA:12,1
DA:20,1
DA:21,0
DA:23,1
DA:26,1
DA:27,1
DA:29,0
DA:30,0
DA:31,0
DA:36,4
DA:37,0
DA:38,0
DA:39,0
DA:46,0
DA:47,0
DA:49,0
DA:50,0
DA:52,0
DA:54,0
DA:55,0
DA:56,0
DA:60,4
LF:30
LH:15
BRDA:20,0,0,0
BRDA:20,0,1,1
BRDA:29,1,0,0
BRDA:29,1,1,0
BRDA:30,2,0,0
BRDA:30,2,1,0
BRDA:30,2,2,0
BRDA:54,3,0,0
BRDA:54,3,1,0
BRDA:55,4,0,0
BRDA:55,4,1,0
BRDA:55,4,2,0
BRF:12
BRH:1
end_of_record
TN:
SF:src\modules\sales\sales.controller.js
FN:6,listLeads
FN:12,getLead
FN:18,createLead
FN:23,updateLead
FN:29,getLeadActivity
FN:36,listTasks
FN:42,createTask
FN:47,updateTask
FN:53,deleteTask
FN:59,getTodayTasks
FN:66,listActivities
FN:72,logActivity
FN:77,getActivitiesSummary
FN:84,getProfile
FN:89,updateProfile
FN:98,getPerformance
FN:103,getDashboard
FNF:17
FNH:5
FNDA:3,listLeads
FNDA:0,getLead
FNDA:0,createLead
FNDA:1,updateLead
FNDA:0,getLeadActivity
FNDA:0,listTasks
FNDA:1,createTask
FNDA:0,updateTask
FNDA:0,deleteTask
FNDA:0,getTodayTasks
FNDA:0,listActivities
FNDA:1,logActivity
FNDA:0,getActivitiesSummary
FNDA:0,getProfile
FNDA:0,updateProfile
FNDA:0,getPerformance
FNDA:1,getDashboard
DA:1,4
DA:2,4
DA:7,3
DA:8,3
DA:9,3
DA:13,0
DA:14,0
DA:15,0
DA:19,0
DA:20,0
DA:24,1
DA:25,1
DA:26,1
DA:30,0
DA:31,0
DA:37,0
DA:38,0
DA:39,0
DA:43,1
DA:44,1
DA:48,0
DA:49,0
DA:50,0
DA:54,0
DA:55,0
DA:56,0
DA:60,0
DA:61,0
DA:67,0
DA:68,0
DA:69,0
DA:73,1
DA:74,1
DA:78,0
DA:79,0
DA:86,0
DA:90,0
DA:91,0
DA:92,0
DA:94,0
DA:95,0
DA:99,0
DA:100,0
DA:104,1
DA:105,1
DA:108,4
LF:46
LH:15
BRDA:14,0,0,0
BRDA:14,0,1,0
BRDA:25,1,0,0
BRDA:25,1,1,1
BRDA:49,2,0,0
BRDA:49,2,1,0
BRDA:55,3,0,0
BRDA:55,3,1,0
BRDA:91,4,0,0
BRDA:91,4,1,0
BRDA:91,5,0,0
BRDA:91,5,1,0
BRF:12
BRH:1
end_of_record
TN:
SF:src\modules\sales\sales.routes.js
FN:9,(anonymous_0)
FNF:1
FNH:1
FNDA:8,(anonymous_0)
DA:1,4
DA:2,4
DA:3,4
DA:4,4
DA:5,4
DA:6,4
DA:8,4
DA:9,4
DA:10,8
DA:11,1
DA:13,7
DA:15,4
DA:18,4
DA:19,4
DA:20,4
DA:21,4
DA:22,4
DA:25,4
DA:26,4
DA:27,4
DA:28,4
DA:29,4
DA:32,4
DA:33,4
DA:34,4
DA:37,4
DA:38,4
DA:39,4
DA:40,4
DA:42,4
LF:30
LH:30
BRDA:10,0,0,1
BRDA:10,0,1,7
BRF:2
BRH:2
end_of_record
TN:
SF:src\modules\sales\sales.service.js
FN:5,listLeads
FN:35,getLeadById
FN:48,createLead
FN:65,updateLead
FN:70,(anonymous_4)
FN:94,getLeadActivities
FN:112,listTasks
FN:145,createTask
FN:156,updateTask
FN:161,(anonymous_9)
FN:185,deleteTask
FN:199,listTodayTasks
FN:218,listActivities
FN:240,logActivity
FN:251,getActivitiesSummary
FN:266,(anonymous_15)
FN:277,getPerformanceStats
FN:304,updateProfile
FN:314,getDashboardKPIs
FNF:19
FNH:9
FNDA:3,listLeads
FNDA:0,getLeadById
FNDA:0,createLead
FNDA:1,updateLead
FNDA:6,(anonymous_4)
FNDA:0,getLeadActivities
FNDA:0,listTasks
FNDA:1,createTask
FNDA:0,updateTask
FNDA:0,(anonymous_9)
FNDA:0,deleteTask
FNDA:1,listTodayTasks
FNDA:1,listActivities
FNDA:1,logActivity
FNDA:0,getActivitiesSummary
FNDA:0,(anonymous_15)
FNDA:1,getPerformanceStats
FNDA:0,updateProfile
FNDA:1,getDashboardKPIs
DA:1,4
DA:6,3
DA:7,3
DA:9,3
DA:10,3
DA:11,3
DA:14,3
DA:15,0
DA:16,0
DA:19,3
DA:20,0
DA:21,0
DA:24,3
DA:25,0
DA:26,0
DA:29,3
DA:31,3
DA:32,3
DA:36,0
DA:37,0
DA:39,0
DA:40,0
DA:41,0
DA:44,0
DA:45,0
DA:49,0
DA:50,0
DA:62,0
DA:66,1
DA:67,1
DA:68,1
DA:70,1
DA:71,6
DA:72,1
DA:73,1
DA:77,1
DA:79,1
DA:80,1
DA:83,1
DA:84,1
DA:85,1
DA:88,1
DA:90,1
DA:91,1
DA:96,0
DA:97,0
DA:98,0
DA:101,0
DA:107,0
DA:113,0
DA:117,0
DA:119,0
DA:120,0
DA:121,0
DA:124,0
DA:125,0
DA:126,0
DA:129,0
DA:130,0
DA:131,0
DA:134,0
DA:135,0
DA:136,0
DA:139,0
DA:141,0
DA:142,0
DA:146,1
DA:147,1
DA:153,1
DA:157,0
DA:158,0
DA:159,0
DA:161,0
DA:162,0
DA:163,0
DA:164,0
DA:168,0
DA:170,0
DA:171,0
DA:174,0
DA:175,0
DA:176,0
DA:179,0
DA:181,0
DA:182,0
DA:186,0
DA:187,0
DA:189,0
DA:190,0
DA:191,0
DA:194,0
DA:195,0
DA:196,0
DA:200,1
DA:204,1
DA:206,1
DA:207,1
DA:208,1
DA:211,1
DA:212,1
DA:213,1
DA:219,1
DA:223,1
DA:225,1
DA:226,1
DA:227,1
DA:230,1
DA:231,0
DA:232,0
DA:235,1
DA:236,1
DA:237,1
DA:241,1
DA:242,1
DA:248,1
DA:252,0
DA:255,0
DA:257,0
DA:258,0
DA:259,0
DA:262,0
DA:263,0
DA:265,0
DA:266,0
DA:267,0
DA:268,0
DA:272,0
DA:278,1
DA:279,1
DA:280,1
DA:282,1
DA:288,1
DA:290,1
DA:292,1
DA:298,1
DA:301,1
DA:305,0
DA:311,0
DA:316,1
DA:318,1
DA:337,1
DA:338,1
DA:340,1
DA:357,4
LF:144
LH:66
BRDA:5,0,0,0
BRDA:9,1,0,3
BRDA:9,1,1,0
BRDA:14,2,0,0
BRDA:14,2,1,3
BRDA:19,3,0,0
BRDA:19,3,1,3
BRDA:24,4,0,0
BRDA:24,4,1,3
BRDA:39,5,0,0
BRDA:39,5,1,0
BRDA:45,6,0,0
BRDA:45,6,1,0
BRDA:57,7,0,0
BRDA:57,7,1,0
BRDA:57,8,0,0
BRDA:57,8,1,0
BRDA:57,9,0,0
BRDA:57,9,1,0
BRDA:57,10,0,0
BRDA:57,10,1,0
BRDA:58,11,0,0
BRDA:58,11,1,0
BRDA:58,12,0,0
BRDA:58,12,1,0
BRDA:58,13,0,0
BRDA:58,13,1,0
BRDA:58,14,0,0
BRDA:58,14,1,0
BRDA:59,15,0,0
BRDA:59,15,1,0
BRDA:71,16,0,1
BRDA:71,16,1,5
BRDA:77,17,0,0
BRDA:77,17,1,1
BRDA:83,18,0,1
BRDA:83,18,1,0
BRDA:91,19,0,1
BRDA:91,19,1,0
BRDA:96,20,0,0
BRDA:96,20,1,0
BRDA:98,21,0,0
BRDA:98,21,1,0
BRDA:112,22,0,0
BRDA:119,23,0,0
BRDA:119,23,1,0
BRDA:124,24,0,0
BRDA:124,24,1,0
BRDA:129,25,0,0
BRDA:129,25,1,0
BRDA:134,26,0,0
BRDA:134,26,1,0
BRDA:151,27,0,1
BRDA:151,27,1,1
BRDA:151,28,0,1
BRDA:151,28,1,0
BRDA:151,29,0,1
BRDA:151,29,1,0
BRDA:151,30,0,1
BRDA:151,30,1,1
BRDA:162,31,0,0
BRDA:162,31,1,0
BRDA:168,32,0,0
BRDA:168,32,1,0
BRDA:174,33,0,0
BRDA:174,33,1,0
BRDA:182,34,0,0
BRDA:182,34,1,0
BRDA:189,35,0,0
BRDA:189,35,1,0
BRDA:206,36,0,1
BRDA:206,36,1,0
BRDA:218,37,0,1
BRDA:225,38,0,1
BRDA:225,38,1,0
BRDA:230,39,0,0
BRDA:230,39,1,1
BRDA:246,40,0,1
BRDA:246,40,1,1
BRDA:246,41,0,1
BRDA:246,41,1,0
BRDA:246,42,0,1
BRDA:246,42,1,0
BRDA:246,43,0,1
BRDA:246,43,1,0
BRDA:257,44,0,0
BRDA:257,44,1,0
BRDA:267,45,0,0
BRDA:267,45,1,0
BRDA:290,46,0,1
BRDA:290,46,1,0
BRF:91
BRH:25
end_of_record
TN:
SF:src\modules\sales-manager\managerAlias.routes.js
FN:11,(anonymous_0)
FN:20,(anonymous_1)
FN:33,(anonymous_2)
FN:42,(anonymous_3)
FNF:4
FNH:4
FNDA:9,(anonymous_0)
FNDA:2,(anonymous_1)
FNDA:2,(anonymous_2)
FNDA:2,(anonymous_3)
DA:1,4
DA:2,4
DA:3,4
DA:4,4
DA:5,4
DA:6,4
DA:7,4
DA:8,4
DA:10,4
DA:11,4
DA:12,9
DA:13,2
DA:15,7
DA:18,4
DA:20,4
DA:21,2
DA:22,2
DA:23,2
DA:24,2
DA:27,2
DA:33,2
DA:36,2
DA:39,2
DA:42,2
DA:43,2
DA:45,2
DA:47,0
DA:51,4
DA:52,4
DA:53,4
DA:54,4
DA:56,4
LF:32
LH:31
BRDA:12,0,0,2
BRDA:12,0,1,7
BRDA:39,1,0,2
BRDA:39,1,1,2
BRDA:39,2,0,2
BRDA:39,2,1,2
BRF:6
BRH:6
end_of_record
TN:
SF:src\modules\sales-manager\salesManager.controller.js
FN:4,getDashboard
FN:11,getTeam
FN:16,getMemberDetail
FN:22,addExecutive
FN:29,updateMemberTarget
FN:36,listLeads
FN:42,getLead
FN:48,createLead
FN:53,updateLead
FN:59,assignLead
FN:66,bulkAssignLeads
FN:75,listTasks
FN:81,createTask
FN:86,updateTask
FN:92,deleteTask
FN:100,getReports
FN:107,getProfile
FN:113,updateProfile
FN:120,getTargets
FN:125,updateTargets
FNF:20
FNH:5
FNDA:1,getDashboard
FNDA:1,getTeam
FNDA:0,getMemberDetail
FNDA:1,addExecutive
FNDA:0,updateMemberTarget
FNDA:0,listLeads
FNDA:0,getLead
FNDA:0,createLead
FNDA:0,updateLead
FNDA:1,assignLead
FNDA:0,bulkAssignLeads
FNDA:0,listTasks
FNDA:0,createTask
FNDA:0,updateTask
FNDA:0,deleteTask
FNDA:1,getReports
FNDA:0,getProfile
FNDA:0,updateProfile
FNDA:0,getTargets
FNDA:0,updateTargets
DA:1,4
DA:2,4
DA:5,1
DA:6,1
DA:12,1
DA:13,1
DA:17,0
DA:18,0
DA:19,0
DA:23,1
DA:24,1
DA:25,1
DA:26,1
DA:30,0
DA:31,0
DA:37,0
DA:38,0
DA:39,0
DA:43,0
DA:44,0
DA:45,0
DA:49,0
DA:50,0
DA:54,0
DA:55,0
DA:56,0
DA:60,1
DA:61,1
DA:62,1
DA:63,1
DA:67,0
DA:68,0
DA:69,0
DA:70,0
DA:76,0
DA:77,0
DA:78,0
DA:82,0
DA:83,0
DA:87,0
DA:88,0
DA:89,0
DA:93,0
DA:94,0
DA:95,0
DA:101,1
DA:102,1
DA:108,0
DA:109,0
DA:110,0
DA:114,0
DA:115,0
DA:116,0
DA:117,0
DA:121,0
DA:122,0
DA:126,0
DA:127,0
DA:130,4
LF:59
LH:17
BRDA:18,0,0,0
BRDA:18,0,1,0
BRDA:24,1,0,0
BRDA:24,1,1,1
BRDA:24,2,0,1
BRDA:24,2,1,1
BRDA:24,2,2,1
BRDA:38,3,0,0
BRDA:38,3,1,0
BRDA:38,4,0,0
BRDA:38,4,1,0
BRDA:44,5,0,0
BRDA:44,5,1,0
BRDA:55,6,0,0
BRDA:55,6,1,0
BRDA:61,7,0,0
BRDA:61,7,1,1
BRDA:68,8,0,0
BRDA:68,8,1,0
BRDA:68,9,0,0
BRDA:68,9,1,0
BRDA:88,10,0,0
BRDA:88,10,1,0
BRDA:94,11,0,0
BRDA:94,11,1,0
BRDA:109,12,0,0
BRDA:109,12,1,0
BRDA:115,13,0,0
BRDA:115,13,1,0
BRDA:115,14,0,0
BRDA:115,14,1,0
BRF:31
BRH:5
end_of_record
TN:
SF:src\modules\sales-manager\salesManager.routes.js
FNF:0
FNH:0
DA:1,4
DA:2,4
DA:3,4
DA:4,4
DA:5,4
DA:8,4
DA:9,4
DA:12,4
DA:15,4
DA:16,4
DA:17,4
DA:18,4
DA:21,4
DA:22,4
DA:23,4
DA:24,4
DA:25,4
DA:26,4
DA:29,4
DA:30,4
DA:31,4
DA:32,4
DA:35,4
DA:38,4
DA:39,4
DA:40,4
DA:41,4
DA:43,4
LF:28
LH:28
BRF:0
BRH:0
end_of_record
TN:
SF:src\modules\sales-manager\salesManager.service.js
FN:7,getOrCreateTeam
FN:27,getManagerDashboard
FN:40,(anonymous_2)
FN:56,(anonymous_3)
FN:57,(anonymous_4)
FN:65,(anonymous_5)
FN:79,(anonymous_6)
FN:122,(anonymous_7)
FN:165,getTeamMembers
FN:199,(anonymous_9)
FN:221,getMemberDetail
FN:247,(anonymous_11)
FN:254,(anonymous_12)
FN:255,(anonymous_13)
FN:258,(anonymous_14)
FN:259,(anonymous_15)
FN:266,addExecutive
FN:328,updateExecutiveTarget
FN:347,listTeamLeads
FN:383,getTeamLeadById
FN:416,assignLead
FN:435,bulkAssignLeads
FN:448,updateTeamLead
FN:453,(anonymous_23)
FN:470,createTeamLead
FN:498,getReportsOverview
FN:512,(anonymous_26)
FN:523,(anonymous_27)
FN:563,(anonymous_28)
FN:576,getManagerProfile
FN:611,(anonymous_30)
FN:623,updateManagerProfile
FN:632,getManagerTargets
FN:653,updateManagerTargets
FN:675,listTeamTasks
FN:692,createTeamTask
FN:702,updateTeamTask
FN:707,(anonymous_37)
FN:722,deleteTeamTask
FNF:39
FNH:13
FNDA:1,getOrCreateTeam
FNDA:1,getManagerDashboard
FNDA:1,(anonymous_2)
FNDA:0,(anonymous_3)
FNDA:6,(anonymous_4)
FNDA:1,(anonymous_5)
FNDA:1,(anonymous_6)
FNDA:0,(anonymous_7)
FNDA:1,getTeamMembers
FNDA:0,(anonymous_9)
FNDA:0,getMemberDetail
FNDA:0,(anonymous_11)
FNDA:0,(anonymous_12)
FNDA:0,(anonymous_13)
FNDA:0,(anonymous_14)
FNDA:0,(anonymous_15)
FNDA:1,addExecutive
FNDA:0,updateExecutiveTarget
FNDA:2,listTeamLeads
FNDA:0,getTeamLeadById
FNDA:1,assignLead
FNDA:0,bulkAssignLeads
FNDA:0,updateTeamLead
FNDA:0,(anonymous_23)
FNDA:0,createTeamLead
FNDA:1,getReportsOverview
FNDA:0,(anonymous_26)
FNDA:1,(anonymous_27)
FNDA:1,(anonymous_28)
FNDA:0,getManagerProfile
FNDA:0,(anonymous_30)
FNDA:0,updateManagerProfile
FNDA:0,getManagerTargets
FNDA:0,updateManagerTargets
FNDA:0,listTeamTasks
FNDA:0,createTeamTask
FNDA:0,updateTeamTask
FNDA:0,(anonymous_37)
FNDA:0,deleteTeamTask
DA:1,4
DA:2,4
DA:3,4
DA:8,1
DA:12,1
DA:15,0
DA:16,0
DA:18,0
DA:22,0
DA:28,1
DA:29,1
DA:30,1
DA:33,1
DA:40,1
DA:43,1
DA:51,1
DA:55,1
DA:56,1
DA:57,6
DA:63,1
DA:64,1
DA:65,1
DA:66,1
DA:79,1
DA:96,1
DA:106,1
DA:117,1
DA:121,1
DA:122,1
DA:125,1
DA:126,1
DA:130,1
DA:131,0
DA:133,1
DA:140,1
DA:143,1
DA:166,1
DA:167,1
DA:168,1
DA:170,1
DA:199,1
DA:223,0
DA:230,0
DA:232,0
DA:233,0
DA:234,0
DA:236,0
DA:244,0
DA:245,0
DA:246,0
DA:247,0
DA:249,0
DA:254,0
DA:255,0
DA:258,0
DA:259,0
DA:267,1
DA:270,1
DA:271,1
DA:272,0
DA:278,1
DA:282,1
DA:283,0
DA:290,1
DA:292,1
DA:293,0
DA:298,0
DA:302,0
DA:304,1
DA:307,1
DA:308,1
DA:311,1
DA:316,1
DA:319,1
DA:320,1
DA:325,1
DA:329,0
DA:330,0
DA:331,0
DA:332,0
DA:334,0
DA:342,0
DA:348,2
DA:353,2
DA:355,2
DA:356,2
DA:357,2
DA:358,2
DA:359,0
DA:360,0
DA:363,2
DA:364,2
DA:366,2
DA:369,2
DA:370,2
DA:371,2
DA:372,2
DA:373,2
DA:374,2
DA:375,0
DA:376,0
DA:378,2
DA:380,2
DA:384,0
DA:392,0
DA:394,0
DA:400,0
DA:409,0
DA:417,1
DA:418,1
DA:419,1
DA:421,1
DA:426,1
DA:432,1
DA:436,0
DA:437,0
DA:438,0
DA:439,0
DA:440,0
DA:442,0
DA:445,0
DA:449,0
DA:450,0
DA:451,0
DA:453,0
DA:454,0
DA:455,0
DA:456,0
DA:460,0
DA:462,0
DA:463,0
DA:466,0
DA:467,0
DA:471,0
DA:472,0
DA:485,0
DA:486,0
DA:493,0
DA:499,1
DA:500,1
DA:501,1
DA:503,1
DA:511,1
DA:512,1
DA:514,1
DA:515,1
DA:518,1
DA:522,1
DA:523,1
DA:526,1
DA:536,1
DA:552,1
DA:563,1
DA:577,0
DA:584,0
DA:586,0
DA:587,0
DA:588,0
DA:590,0
DA:610,0
DA:611,0
DA:613,0
DA:624,0
DA:629,0
DA:633,0
DA:634,0
DA:635,0
DA:637,0
DA:642,0
DA:643,0
DA:647,0
DA:650,0
DA:654,0
DA:655,0
DA:656,0
DA:657,0
DA:659,0
DA:670,0
DA:676,0
DA:681,0
DA:683,0
DA:684,0
DA:685,0
DA:687,0
DA:688,0
DA:689,0
DA:693,0
DA:694,0
DA:699,0
DA:703,0
DA:704,0
DA:705,0
DA:707,0
DA:708,0
DA:709,0
DA:710,0
DA:714,0
DA:716,0
DA:717,0
DA:718,0
DA:719,0
DA:723,0
DA:727,0
DA:730,4
LF:204
LH:90
BRDA:12,0,0,1
BRDA:12,0,1,0
BRDA:16,1,0,0
BRDA:16,1,1,0
BRDA:59,2,0,6
BRDA:59,2,1,6
BRDA:64,3,0,1
BRDA:64,3,1,0
BRDA:83,4,0,1
BRDA:83,4,1,1
BRDA:84,5,0,1
BRDA:84,5,1,1
BRDA:85,6,0,0
BRDA:85,6,1,1
BRDA:88,7,0,1
BRDA:88,7,1,1
BRDA:89,8,0,1
BRDA:89,8,1,1
BRDA:90,9,0,1
BRDA:90,9,1,1
BRDA:91,10,0,1
BRDA:91,10,1,1
BRDA:122,11,0,0
BRDA:122,11,1,0
BRDA:130,12,0,0
BRDA:130,12,1,1
BRDA:149,13,0,0
BRDA:149,13,1,1
BRDA:206,14,0,0
BRDA:206,14,1,0
BRDA:207,15,0,0
BRDA:207,15,1,0
BRDA:208,16,0,0
BRDA:208,16,1,0
BRDA:211,17,0,0
BRDA:211,17,1,0
BRDA:212,18,0,0
BRDA:212,18,1,0
BRDA:213,19,0,0
BRDA:213,19,1,0
BRDA:214,20,0,0
BRDA:214,20,1,0
BRDA:215,21,0,0
BRDA:215,21,1,0
BRDA:216,22,0,0
BRDA:216,22,1,0
BRDA:217,23,0,0
BRDA:217,23,1,0
BRDA:230,24,0,0
BRDA:230,24,1,0
BRDA:247,25,0,0
BRDA:247,25,1,0
BRDA:262,26,0,0
BRDA:262,26,1,0
BRDA:271,27,0,0
BRDA:271,27,1,1
BRDA:282,28,0,0
BRDA:282,28,1,1
BRDA:292,29,0,0
BRDA:292,29,1,1
BRDA:307,30,0,1
BRDA:307,30,1,0
BRDA:340,31,0,0
BRDA:340,31,1,0
BRDA:340,32,0,0
BRDA:340,32,1,0
BRDA:347,33,0,0
BRDA:347,34,0,0
BRDA:347,35,0,0
BRDA:355,36,0,0
BRDA:355,36,1,2
BRDA:356,37,0,0
BRDA:356,37,1,2
BRDA:357,38,0,0
BRDA:357,38,1,2
BRDA:358,39,0,0
BRDA:358,39,1,2
BRDA:371,40,0,0
BRDA:371,40,1,2
BRDA:372,41,0,0
BRDA:372,41,1,2
BRDA:373,42,0,0
BRDA:373,42,1,2
BRDA:374,43,0,0
BRDA:374,43,1,2
BRDA:392,44,0,0
BRDA:392,44,1,0
BRDA:418,45,0,0
BRDA:418,45,1,1
BRDA:429,46,0,1
BRDA:429,46,1,1
BRDA:454,47,0,0
BRDA:454,47,1,0
BRDA:460,48,0,0
BRDA:460,48,1,0
BRDA:467,49,0,0
BRDA:467,49,1,0
BRDA:479,50,0,0
BRDA:479,50,1,0
BRDA:479,51,0,0
BRDA:479,51,1,0
BRDA:479,52,0,0
BRDA:479,52,1,0
BRDA:479,53,0,0
BRDA:479,53,1,0
BRDA:480,54,0,0
BRDA:480,54,1,0
BRDA:480,55,0,0
BRDA:480,55,1,0
BRDA:480,56,0,0
BRDA:480,56,1,0
BRDA:481,57,0,0
BRDA:481,57,1,0
BRDA:481,58,0,0
BRDA:481,58,1,0
BRDA:481,59,0,0
BRDA:481,59,1,0
BRDA:485,60,0,0
BRDA:485,60,1,0
BRDA:512,61,0,0
BRDA:512,61,1,0
BRDA:557,62,0,1
BRDA:557,62,1,0
BRDA:567,63,0,1
BRDA:567,63,1,0
BRDA:568,64,0,1
BRDA:568,64,1,1
BRDA:569,65,0,1
BRDA:569,65,1,1
BRDA:584,66,0,0
BRDA:584,66,1,0
BRDA:611,67,0,0
BRDA:611,67,1,0
BRDA:616,68,0,0
BRDA:616,68,1,0
BRDA:617,69,0,0
BRDA:617,69,1,0
BRDA:618,70,0,0
BRDA:618,70,1,0
BRDA:642,71,0,0
BRDA:642,71,1,0
BRDA:675,72,0,0
BRDA:683,73,0,0
BRDA:683,73,1,0
BRDA:684,74,0,0
BRDA:684,74,1,0
BRDA:685,75,0,0
BRDA:685,75,1,0
BRDA:697,76,0,0
BRDA:697,76,1,0
BRDA:697,77,0,0
BRDA:697,77,1,0
BRDA:697,78,0,0
BRDA:697,78,1,0
BRDA:697,79,0,0
BRDA:697,79,1,0
BRDA:697,80,0,0
BRDA:697,80,1,0
BRDA:708,81,0,0
BRDA:708,81,1,0
BRDA:714,82,0,0
BRDA:714,82,1,0
BRDA:719,83,0,0
BRDA:719,83,1,0
BRF:164
BRH:40
end_of_record
TN:
SF:src\modules\super-admin\superAdmin.routes.js
FN:13,(anonymous_0)
FN:29,(anonymous_1)
FN:61,(anonymous_2)
FNF:3
FNH:3
FNDA:2,(anonymous_0)
FNDA:1,(anonymous_1)
FNDA:1,(anonymous_2)
DA:1,4
DA:2,4
DA:3,4
DA:4,4
DA:5,4
DA:6,4
DA:7,4
DA:9,4
DA:10,4
DA:13,4
DA:14,2
DA:15,2
DA:16,2
DA:18,0
DA:23,4
DA:26,4
DA:29,4
DA:30,1
DA:31,1
DA:32,1
DA:34,1
DA:35,1
DA:36,0
DA:38,1
DA:39,1
DA:41,1
DA:42,1
DA:47,1
DA:48,0
DA:49,0
DA:51,0
DA:52,0
DA:54,1
DA:56,0
DA:61,4
DA:62,1
DA:63,1
DA:64,1
DA:65,1
DA:66,0
DA:68,1
DA:69,1
DA:70,1
DA:72,0
DA:76,4
LF:45
LH:36
BRDA:35,0,0,0
BRDA:35,0,1,1
BRDA:41,1,0,1
BRDA:41,1,1,0
BRDA:41,2,0,1
BRDA:41,2,1,0
BRDA:47,3,0,0
BRDA:47,3,1,1
BRDA:48,4,0,0
BRDA:48,4,1,0
BRDA:48,5,0,0
BRDA:48,5,1,0
BRDA:51,6,0,0
BRDA:51,6,1,0
BRDA:51,7,0,0
BRDA:51,7,1,0
BRDA:65,8,0,0
BRDA:65,8,1,1
BRF:18
BRH:5
end_of_record
TN:
SF:src\modules\support\support.controller.js
FN:4,getDashboard
FN:9,listTickets
FN:23,getTicket
FN:29,createTicket
FN:38,updateTicket
FN:44,addMessage
FN:59,listCustomers
FN:70,getCustomer
FN:76,listArticles
FN:82,getArticle
FN:88,createArticle
FN:97,updateArticle
FN:103,rateArticle
FNF:13
FNH:0
FNDA:0,getDashboard
FNDA:0,listTickets
FNDA:0,getTicket
FNDA:0,createTicket
FNDA:0,updateTicket
FNDA:0,addMessage
FNDA:0,listCustomers
FNDA:0,getCustomer
FNDA:0,listArticles
FNDA:0,getArticle
FNDA:0,createArticle
FNDA:0,updateArticle
FNDA:0,rateArticle
DA:1,4
DA:2,4
DA:5,0
DA:6,0
DA:10,0
DA:11,0
DA:20,0
DA:24,0
DA:25,0
DA:26,0
DA:30,0
DA:31,0
DA:32,0
DA:34,0
DA:35,0
DA:39,0
DA:40,0
DA:41,0
DA:45,0
DA:46,0
DA:48,0
DA:56,0
DA:60,0
DA:61,0
DA:67,0
DA:71,0
DA:72,0
DA:73,0
DA:77,0
DA:78,0
DA:79,0
DA:83,0
DA:84,0
DA:85,0
DA:89,0
DA:90,0
DA:91,0
DA:93,0
DA:94,0
DA:98,0
DA:99,0
DA:100,0
DA:104,0
DA:105,0
DA:107,0
DA:108,0
DA:111,4
LF:47
LH:3
BRDA:17,0,0,0
BRDA:17,0,1,0
BRDA:18,1,0,0
BRDA:18,1,1,0
BRDA:25,2,0,0
BRDA:25,2,1,0
BRDA:31,3,0,0
BRDA:31,3,1,0
BRDA:31,4,0,0
BRDA:31,4,1,0
BRDA:31,4,2,0
BRDA:31,4,3,0
BRDA:40,5,0,0
BRDA:40,5,1,0
BRDA:46,6,0,0
BRDA:46,6,1,0
BRDA:64,7,0,0
BRDA:64,7,1,0
BRDA:65,8,0,0
BRDA:65,8,1,0
BRDA:72,9,0,0
BRDA:72,9,1,0
BRDA:84,10,0,0
BRDA:84,10,1,0
BRDA:90,11,0,0
BRDA:90,11,1,0
BRDA:90,12,0,0
BRDA:90,12,1,0
BRDA:90,12,2,0
BRDA:99,13,0,0
BRDA:99,13,1,0
BRDA:105,14,0,0
BRDA:105,14,1,0
BRF:33
BRH:0
end_of_record
TN:
SF:src\modules\support\support.routes.js
FNF:0
FNH:0
DA:1,4
DA:2,4
DA:3,4
DA:4,4
DA:5,4
DA:8,4
DA:9,4
DA:12,4
DA:15,4
DA:16,4
DA:17,4
DA:18,4
DA:19,4
DA:22,4
DA:23,4
DA:26,4
DA:27,4
DA:28,4
DA:29,4
DA:30,4
DA:32,4
LF:21
LH:21
BRF:0
BRH:0
end_of_record
TN:
SF:src\modules\support\support.service.js
FN:5,getSupportDashboard
FN:35,(anonymous_1)
FN:81,(anonymous_2)
FN:147,(anonymous_3)
FN:152,(anonymous_4)
FN:162,listTickets
FN:256,getTicketById
FN:284,createTicket
FN:330,addTicketMessage
FN:362,updateTicket
FN:367,(anonymous_10)
FN:390,listCustomers
FN:442,getCustomerById
FN:478,listArticles
FN:504,getArticleById
FN:517,createArticle
FN:527,updateArticle
FN:532,(anonymous_17)
FN:553,rateArticle
FNF:19
FNH:0
FNDA:0,getSupportDashboard
FNDA:0,(anonymous_1)
FNDA:0,(anonymous_2)
FNDA:0,(anonymous_3)
FNDA:0,(anonymous_4)
FNDA:0,listTickets
FNDA:0,getTicketById
FNDA:0,createTicket
FNDA:0,addTicketMessage
FNDA:0,updateTicket
FNDA:0,(anonymous_10)
FNDA:0,listCustomers
FNDA:0,getCustomerById
FNDA:0,listArticles
FNDA:0,getArticleById
FNDA:0,createArticle
FNDA:0,updateArticle
FNDA:0,(anonymous_17)
FNDA:0,rateArticle
DA:1,4
DA:6,0
DA:9,0
DA:11,0
DA:12,0
DA:13,0
DA:14,0
DA:18,0
DA:26,0
DA:27,0
DA:28,0
DA:31,0
DA:35,0
DA:41,0
DA:51,0
DA:66,0
DA:67,0
DA:69,0
DA:81,0
DA:90,0
DA:99,0
DA:100,0
DA:110,0
DA:124,0
DA:135,0
DA:147,0
DA:152,0
DA:163,0
DA:164,0
DA:166,0
DA:173,0
DA:176,0
DA:177,0
DA:178,0
DA:179,0
DA:180,0
DA:181,0
DA:184,0
DA:185,0
DA:186,0
DA:189,0
DA:190,0
DA:191,0
DA:194,0
DA:195,0
DA:196,0
DA:199,0
DA:200,0
DA:201,0
DA:204,0
DA:205,0
DA:207,0
DA:210,0
DA:216,0
DA:218,0
DA:219,0
DA:220,0
DA:221,0
DA:222,0
DA:223,0
DA:226,0
DA:227,0
DA:228,0
DA:231,0
DA:232,0
DA:233,0
DA:236,0
DA:237,0
DA:238,0
DA:241,0
DA:242,0
DA:243,0
DA:246,0
DA:248,0
DA:257,0
DA:265,0
DA:267,0
DA:278,0
DA:285,0
DA:289,0
DA:294,0
DA:295,0
DA:297,0
DA:302,0
DA:307,0
DA:308,0
DA:309,0
DA:311,0
DA:318,0
DA:321,0
DA:327,0
DA:332,0
DA:336,0
DA:338,0
DA:341,0
DA:348,0
DA:349,0
DA:350,0
DA:354,0
DA:359,0
DA:363,0
DA:364,0
DA:365,0
DA:367,0
DA:368,0
DA:369,0
DA:370,0
DA:374,0
DA:376,0
DA:377,0
DA:384,0
DA:385,0
DA:391,0
DA:393,0
DA:401,0
DA:403,0
DA:404,0
DA:405,0
DA:408,0
DA:409,0
DA:410,0
DA:413,0
DA:414,0
DA:416,0
DA:419,0
DA:420,0
DA:422,0
DA:423,0
DA:424,0
DA:427,0
DA:428,0
DA:429,0
DA:432,0
DA:434,0
DA:443,0
DA:454,0
DA:456,0
DA:462,0
DA:469,0
DA:479,0
DA:481,0
DA:482,0
DA:484,0
DA:485,0
DA:486,0
DA:489,0
DA:490,0
DA:491,0
DA:494,0
DA:495,0
DA:496,0
DA:499,0
DA:500,0
DA:501,0
DA:505,0
DA:509,0
DA:512,0
DA:514,0
DA:518,0
DA:519,0
DA:524,0
DA:528,0
DA:529,0
DA:530,0
DA:532,0
DA:533,0
DA:534,0
DA:535,0
DA:539,0
DA:541,0
DA:542,0
DA:549,0
DA:550,0
DA:555,0
DA:556,0
DA:559,0
DA:566,0
DA:567,0
DA:574,0
DA:577,4
LF:180
LH:2
BRDA:6,0,0,0
BRDA:6,0,1,0
BRDA:6,0,2,0
BRDA:9,1,0,0
BRDA:9,1,1,0
BRDA:26,2,0,0
BRDA:26,2,1,0
BRDA:27,3,0,0
BRDA:27,3,1,0
BRDA:28,4,0,0
BRDA:28,4,1,0
BRDA:67,5,0,0
BRDA:67,5,1,0
BRDA:84,6,0,0
BRDA:84,6,1,0
BRDA:85,7,0,0
BRDA:85,7,1,0
BRDA:86,8,0,0
BRDA:86,8,1,0
BRDA:103,9,0,0
BRDA:103,9,1,0
BRDA:104,10,0,0
BRDA:104,10,1,0
BRDA:105,11,0,0
BRDA:105,11,1,0
BRDA:137,12,0,0
BRDA:137,12,1,0
BRDA:138,13,0,0
BRDA:138,13,1,0
BRDA:139,14,0,0
BRDA:139,14,1,0
BRDA:140,15,0,0
BRDA:140,15,1,0
BRDA:155,16,0,0
BRDA:155,16,1,0
BRDA:162,17,0,0
BRDA:163,18,0,0
BRDA:163,19,0,0
BRDA:164,20,0,0
BRDA:164,20,1,0
BRDA:164,20,2,0
BRDA:176,21,0,0
BRDA:176,21,1,0
BRDA:179,22,0,0
BRDA:179,22,1,0
BRDA:184,23,0,0
BRDA:184,23,1,0
BRDA:189,24,0,0
BRDA:189,24,1,0
BRDA:194,25,0,0
BRDA:194,25,1,0
BRDA:199,26,0,0
BRDA:199,26,1,0
BRDA:218,27,0,0
BRDA:218,27,1,0
BRDA:221,28,0,0
BRDA:221,28,1,0
BRDA:226,29,0,0
BRDA:226,29,1,0
BRDA:231,30,0,0
BRDA:231,30,1,0
BRDA:236,31,0,0
BRDA:236,31,1,0
BRDA:241,32,0,0
BRDA:241,32,1,0
BRDA:250,33,0,0
BRDA:250,33,1,0
BRDA:265,34,0,0
BRDA:265,34,1,0
BRDA:294,35,0,0
BRDA:294,35,1,0
BRDA:300,36,0,0
BRDA:300,36,1,0
BRDA:300,37,0,0
BRDA:300,37,1,0
BRDA:308,38,0,0
BRDA:308,38,1,0
BRDA:309,39,0,0
BRDA:309,39,1,0
BRDA:315,40,0,0
BRDA:315,40,1,0
BRDA:315,41,0,0
BRDA:315,41,1,0
BRDA:330,42,0,0
BRDA:336,43,0,0
BRDA:336,43,1,0
BRDA:349,44,0,0
BRDA:349,44,1,0
BRDA:349,45,0,0
BRDA:349,45,1,0
BRDA:349,45,2,0
BRDA:368,46,0,0
BRDA:368,46,1,0
BRDA:369,47,0,0
BRDA:369,47,1,0
BRDA:374,48,0,0
BRDA:374,48,1,0
BRDA:385,49,0,0
BRDA:385,49,1,0
BRDA:390,50,0,0
BRDA:391,51,0,0
BRDA:391,52,0,0
BRDA:403,53,0,0
BRDA:403,53,1,0
BRDA:408,54,0,0
BRDA:408,54,1,0
BRDA:422,55,0,0
BRDA:422,55,1,0
BRDA:427,56,0,0
BRDA:427,56,1,0
BRDA:436,57,0,0
BRDA:436,57,1,0
BRDA:454,58,0,0
BRDA:454,58,1,0
BRDA:478,59,0,0
BRDA:484,60,0,0
BRDA:484,60,1,0
BRDA:489,61,0,0
BRDA:489,61,1,0
BRDA:494,62,0,0
BRDA:494,62,1,0
BRDA:509,63,0,0
BRDA:509,63,1,0
BRDA:522,64,0,0
BRDA:522,64,1,0
BRDA:533,65,0,0
BRDA:533,65,1,0
BRDA:539,66,0,0
BRDA:539,66,1,0
BRDA:550,67,0,0
BRDA:550,67,1,0
BRDA:556,68,0,0
BRDA:556,68,1,0
BRDA:562,69,0,0
BRDA:562,69,1,0
BRDA:566,70,0,0
BRDA:566,70,1,0
BRF:137
BRH:0
end_of_record
TN:
SF:src\services\emailService.js
FN:7,getTransporter
FN:27,buildOTPTemplate
FN:83,sendOTPEmail
FN:101,buildCredentialsTemplate
FN:192,sendPasswordResetEmail
FN:210,sendCredentialsEmail
FNF:6
FNH:3
FNDA:8,getTransporter
FNDA:8,buildOTPTemplate
FNDA:8,sendOTPEmail
FNDA:0,buildCredentialsTemplate
FNDA:0,sendPasswordResetEmail
FNDA:0,sendCredentialsEmail
DA:1,4
DA:2,4
DA:3,4
DA:5,4
DA:8,8
DA:9,1
DA:24,8
DA:28,8
DA:84,8
DA:85,8
DA:87,8
DA:88,8
DA:94,8
DA:96,0
DA:97,0
DA:102,0
DA:103,0
DA:104,0
DA:106,0
DA:107,0
DA:108,0
DA:109,0
DA:110,0
DA:111,0
DA:112,0
DA:113,0
DA:114,0
DA:115,0
DA:116,0
DA:117,0
DA:120,0
DA:193,0
DA:194,0
DA:196,0
DA:197,0
DA:203,0
DA:205,0
DA:206,0
DA:211,0
DA:212,0
DA:213,0
DA:214,0
DA:215,0
DA:216,0
DA:217,0
DA:218,0
DA:219,0
DA:222,0
DA:223,0
DA:229,0
DA:231,0
DA:232,0
DA:236,4
LF:53
LH:14
BRDA:8,0,0,1
BRDA:8,0,1,7
BRDA:53,1,0,0
BRDA:53,1,1,8
BRDA:101,2,0,0
BRDA:101,3,0,0
BRDA:106,4,0,0
BRDA:106,4,1,0
BRDA:110,5,0,0
BRDA:110,5,1,0
BRDA:114,6,0,0
BRDA:114,6,1,0
BRDA:150,7,0,0
BRDA:150,7,1,0
BRDA:210,8,0,0
BRDA:212,9,0,0
BRDA:212,9,1,0
BRDA:214,10,0,0
BRDA:214,10,1,0
BRDA:216,11,0,0
BRDA:216,11,1,0
BRDA:218,12,0,0
BRDA:218,12,1,0
BRF:23
BRH:3
end_of_record
TN:
SF:src\services\otpService.js
FN:5,(anonymous_0)
FN:6,(anonymous_1)
FN:9,generateOTP
FN:13,storeOTP
FN:18,getOTP
FN:22,verifyOTP
FN:57,deleteOTP
FN:63,generateAndStoreOTP
FNF:8
FNH:8
FNDA:29,(anonymous_0)
FNDA:16,(anonymous_1)
FNDA:8,generateOTP
FNDA:8,storeOTP
FNDA:11,getOTP
FNDA:12,verifyOTP
FNDA:4,deleteOTP
FNDA:8,generateAndStoreOTP
DA:1,4
DA:2,4
DA:3,4
DA:5,29
DA:6,16
DA:7,4
DA:10,8
DA:14,8
DA:15,8
DA:19,11
DA:23,12
DA:24,12
DA:26,12
DA:27,1
DA:33,11
DA:35,11
DA:36,1
DA:42,10
DA:43,6
DA:44,6
DA:45,6
DA:47,6
DA:48,6
DA:54,4
DA:58,4
DA:59,4
DA:60,4
DA:64,8
DA:65,8
DA:66,8
DA:69,4
LF:31
LH:31
BRDA:24,0,0,12
BRDA:24,0,1,6
BRDA:26,1,0,1
BRDA:26,1,1,11
BRDA:35,2,0,1
BRDA:35,2,1,10
BRDA:42,3,0,6
BRDA:42,3,1,4
BRDA:45,4,0,6
BRDA:45,4,1,0
BRF:10
BRH:9
end_of_record
TN:
SF:src\services\tokenService.js
FN:7,generateAccessToken
FN:15,generateRefreshToken
FN:23,verifyAccessToken
FN:27,verifyRefreshToken
FN:31,saveRefreshToken
FN:41,findRefreshToken
FN:50,revokeRefreshToken
FN:54,revokeAllUserTokens
FNF:8
FNH:7
FNDA:22,generateAccessToken
FNDA:5,generateRefreshToken
FNDA:49,verifyAccessToken
FNDA:4,verifyRefreshToken
FNDA:4,saveRefreshToken
FNDA:2,findRefreshToken
FNDA:1,revokeRefreshToken
FNDA:0,revokeAllUserTokens
DA:1,4
DA:2,4
DA:3,4
DA:4,4
DA:5,4
DA:8,22
DA:16,5
DA:24,49
DA:28,4
DA:32,4
DA:33,4
DA:42,2
DA:47,2
DA:51,1
DA:55,0
DA:56,0
DA:59,4
LF:17
LH:15
BRDA:47,0,0,2
BRDA:47,0,1,1
BRF:2
BRH:2
end_of_record
TN:
SF:src\utils\helpers.js
FN:1,sendSuccess
FN:5,sendError
FN:11,maskEmail
FN:17,sanitizeUser
FNF:4
FNH:3
FNDA:53,sendSuccess
FNDA:21,sendError
FNDA:8,maskEmail
FNDA:0,sanitizeUser
DA:2,53
DA:6,21
DA:7,21
DA:8,21
DA:12,8
DA:13,8
DA:14,8
DA:18,0
DA:19,0
DA:22,4
LF:10
LH:8
BRDA:1,0,0,0
BRDA:1,1,0,10
BRDA:1,2,0,50
BRDA:5,3,0,0
BRDA:5,4,0,0
BRDA:5,5,0,20
BRDA:7,6,0,1
BRDA:7,6,1,20
BRDA:13,7,0,8
BRDA:13,7,1,0
BRF:10
BRH:6
end_of_record
TN:
SF:src\utils\logger.js
FN:10,(anonymous_0)
FNF:1
FNH:1
FNDA:439,(anonymous_0)
DA:1,4
DA:2,4
DA:3,4
DA:5,4
DA:6,4
DA:8,4
DA:10,4
DA:11,439
DA:12,439
DA:15,4
DA:17,4
DA:27,4
DA:28,4
DA:35,4
LF:14
LH:14
BRDA:6,0,0,0
BRDA:6,0,1,4
BRDA:11,1,0,439
BRDA:11,1,1,0
BRDA:18,2,0,0
BRDA:18,2,1,4
BRDA:27,3,0,4
BRDA:27,3,1,0
BRF:8
BRH:4
end_of_record
TN:
SF:src\utils\pythonBridge.js
FN:7,forwardChat
FN:30,forwardReset
FN:48,forwardReport
FN:66,forwardExport
FNF:4
FNH:0
FNDA:0,forwardChat
FNDA:0,forwardReset
FNDA:0,forwardReport
FNDA:0,forwardExport
DA:1,3
DA:3,3
DA:4,3
DA:5,3
DA:8,0
DA:9,0
DA:23,0
DA:25,0
DA:26,0
DA:31,0
DA:32,0
DA:41,0
DA:43,0
DA:44,0
DA:49,0
DA:50,0
DA:59,0
DA:61,0
DA:62,0
DA:67,0
DA:68,0
DA:78,0
DA:80,0
DA:81,0
DA:85,3
LF:25
LH:5
BRDA:3,0,0,3
BRDA:3,0,1,3
BRDA:4,1,0,3
BRDA:4,1,1,3
BRDA:5,2,0,3
BRDA:5,2,1,3
BRF:6
BRH:6
end_of_record
TN:
SF:tests\testHelper.js
FN:10,ensureRoles
FN:30,createTestTenant
FN:37,createTestUser
FN:69,generateTokenForUser
FN:81,cleanup
FNF:5
FNH:5
FNDA:4,ensureRoles
FNDA:5,createTestTenant
FNDA:19,createTestUser
FNDA:16,generateTokenForUser
FNDA:4,cleanup
DA:1,4
DA:2,4
DA:3,4
DA:4,4
DA:5,4
DA:7,4
DA:8,4
DA:11,4
DA:20,4
DA:21,24
DA:22,24
DA:23,0
DA:25,24
DA:31,5
DA:32,5
DA:33,5
DA:34,5
DA:38,19
DA:39,19
DA:40,19
DA:41,0
DA:43,19
DA:44,19
DA:46,19
DA:47,19
DA:49,19
DA:55,19
DA:65,19
DA:66,19
DA:70,16
DA:78,16
DA:83,4
DA:84,4
DA:85,4
DA:89,4
DA:90,4
DA:91,4
DA:95,4
LF:38
LH:36
BRDA:22,0,0,0
BRDA:22,0,1,24
BRDA:37,1,0,17
BRDA:37,2,0,17
BRDA:40,3,0,0
BRDA:40,3,1,19
BRDA:47,4,0,0
BRDA:47,4,1,19
BRDA:83,5,0,4
BRDA:83,5,1,0
BRDA:89,6,0,4
BRDA:89,6,1,0
BRF:12
BRH:7
end_of_record
